usb_port_attach bus 0, port 1, devspeed full+high, portspeed full+high+super
usb_xhci_port_link port 5, pls 7
usb_xhci_port_notify port 5, bits 0x20000
usb_xhci_reset === RESET ===
usb_xhci_slot_disable slotid 1
usb_xhci_slot_disable slotid 2
usb_xhci_slot_disable slotid 3
usb_xhci_slot_disable slotid 4
usb_xhci_slot_disable slotid 5
usb_xhci_slot_disable slotid 6
usb_xhci_slot_disable slotid 7
usb_xhci_slot_disable slotid 8
usb_xhci_slot_disable slotid 9
usb_xhci_slot_disable slotid 10
usb_xhci_slot_disable slotid 11
usb_xhci_slot_disable slotid 12
usb_xhci_slot_disable slotid 13
usb_xhci_slot_disable slotid 14
usb_xhci_slot_disable slotid 15
usb_xhci_slot_disable slotid 16
usb_xhci_slot_disable slotid 17
usb_xhci_slot_disable slotid 18
usb_xhci_slot_disable slotid 19
usb_xhci_slot_disable slotid 20
usb_xhci_slot_disable slotid 21
usb_xhci_slot_disable slotid 22
usb_xhci_slot_disable slotid 23
usb_xhci_slot_disable slotid 24
usb_xhci_slot_disable slotid 25
usb_xhci_slot_disable slotid 26
usb_xhci_slot_disable slotid 27
usb_xhci_slot_disable slotid 28
usb_xhci_slot_disable slotid 29
usb_xhci_slot_disable slotid 30
usb_xhci_slot_disable slotid 31
usb_xhci_slot_disable slotid 32
usb_xhci_slot_disable slotid 33
usb_xhci_slot_disable slotid 34
usb_xhci_slot_disable slotid 35
usb_xhci_slot_disable slotid 36
usb_xhci_slot_disable slotid 37
usb_xhci_slot_disable slotid 38
usb_xhci_slot_disable slotid 39
usb_xhci_slot_disable slotid 40
usb_xhci_slot_disable slotid 41
usb_xhci_slot_disable slotid 42
usb_xhci_slot_disable slotid 43
usb_xhci_slot_disable slotid 44
usb_xhci_slot_disable slotid 45
usb_xhci_slot_disable slotid 46
usb_xhci_slot_disable slotid 47
usb_xhci_slot_disable slotid 48
usb_xhci_slot_disable slotid 49
usb_xhci_slot_disable slotid 50
usb_xhci_slot_disable slotid 51
usb_xhci_slot_disable slotid 52
usb_xhci_slot_disable slotid 53
usb_xhci_slot_disable slotid 54
usb_xhci_slot_disable slotid 55
usb_xhci_slot_disable slotid 56
usb_xhci_slot_disable slotid 57
usb_xhci_slot_disable slotid 58
usb_xhci_slot_disable slotid 59
usb_xhci_slot_disable slotid 60
usb_xhci_slot_disable slotid 61
usb_xhci_slot_disable slotid 62
usb_xhci_slot_disable slotid 63
usb_xhci_slot_disable slotid 64
usb_xhci_port_link port 1, pls 5
usb_xhci_port_notify port 1, bits 0x20000
usb_xhci_port_link port 2, pls 5
usb_xhci_port_notify port 2, bits 0x20000
usb_xhci_port_link port 3, pls 5
usb_xhci_port_notify port 3, bits 0x20000
usb_xhci_port_link port 4, pls 5
usb_xhci_port_notify port 4, bits 0x20000
usb_xhci_port_link port 5, pls 7
usb_xhci_port_notify port 5, bits 0x20000
usb_xhci_port_link port 6, pls 5
usb_xhci_port_notify port 6, bits 0x20000
usb_xhci_port_link port 7, pls 5
usb_xhci_port_notify port 7, bits 0x20000
usb_xhci_port_link port 8, pls 5
usb_xhci_port_notify port 8, bits 0x20000
usb_xhci_cap_read off 0x0000, ret 0x01000040
usb_xhci_cap_read off 0x0004, ret 0x08001040
usb_xhci_cap_read off 0x0008, ret 0x0000000f
usb_xhci_cap_read off 0x0010, ret 0x00087001
usb_xhci_cap_read off 0x0014, ret 0x00002000
usb_xhci_cap_read off 0x0018, ret 0x00001000
usb_xhci_oper_read off 0x0008, ret 0x00000001
usb_xhci_cap_read off 0x0020, ret 0x02000402
usb_xhci_cap_read off 0x0030, ret 0x03000002
usb_xhci_cap_read off 0x0020, ret 0x02000402
usb_xhci_cap_read off 0x0030, ret 0x03000002
usb_xhci_cap_read off 0x0020, ret 0x02000402
usb_xhci_cap_read off 0x0024, ret 0x20425355
usb_xhci_cap_read off 0x0020, ret 0x02000402
usb_xhci_cap_read off 0x0030, ret 0x03000002
usb_xhci_cap_read off 0x0034, ret 0x20425355
usb_xhci_oper_read off 0x0004, ret 0x00000001
usb_xhci_oper_read off 0x0000, ret 0x00000000
usb_xhci_oper_write off 0x0000, val 0x00000002
usb_xhci_reset === RESET ===
usb_xhci_slot_disable slotid 1
usb_xhci_slot_disable slotid 2
usb_xhci_slot_disable slotid 3
usb_xhci_slot_disable slotid 4
usb_xhci_slot_disable slotid 5
usb_xhci_slot_disable slotid 6
usb_xhci_slot_disable slotid 7
usb_xhci_slot_disable slotid 8
usb_xhci_slot_disable slotid 9
usb_xhci_slot_disable slotid 10
usb_xhci_slot_disable slotid 11
usb_xhci_slot_disable slotid 12
usb_xhci_slot_disable slotid 13
usb_xhci_slot_disable slotid 14
usb_xhci_slot_disable slotid 15
usb_xhci_slot_disable slotid 16
usb_xhci_slot_disable slotid 17
usb_xhci_slot_disable slotid 18
usb_xhci_slot_disable slotid 19
usb_xhci_slot_disable slotid 20
usb_xhci_slot_disable slotid 21
usb_xhci_slot_disable slotid 22
usb_xhci_slot_disable slotid 23
usb_xhci_slot_disable slotid 24
usb_xhci_slot_disable slotid 25
usb_xhci_slot_disable slotid 26
usb_xhci_slot_disable slotid 27
usb_xhci_slot_disable slotid 28
usb_xhci_slot_disable slotid 29
usb_xhci_slot_disable slotid 30
usb_xhci_slot_disable slotid 31
usb_xhci_slot_disable slotid 32
usb_xhci_slot_disable slotid 33
usb_xhci_slot_disable slotid 34
usb_xhci_slot_disable slotid 35
usb_xhci_slot_disable slotid 36
usb_xhci_slot_disable slotid 37
usb_xhci_slot_disable slotid 38
usb_xhci_slot_disable slotid 39
usb_xhci_slot_disable slotid 40
usb_xhci_slot_disable slotid 41
usb_xhci_slot_disable slotid 42
usb_xhci_slot_disable slotid 43
usb_xhci_slot_disable slotid 44
usb_xhci_slot_disable slotid 45
usb_xhci_slot_disable slotid 46
usb_xhci_slot_disable slotid 47
usb_xhci_slot_disable slotid 48
usb_xhci_slot_disable slotid 49
usb_xhci_slot_disable slotid 50
usb_xhci_slot_disable slotid 51
usb_xhci_slot_disable slotid 52
usb_xhci_slot_disable slotid 53
usb_xhci_slot_disable slotid 54
usb_xhci_slot_disable slotid 55
usb_xhci_slot_disable slotid 56
usb_xhci_slot_disable slotid 57
usb_xhci_slot_disable slotid 58
usb_xhci_slot_disable slotid 59
usb_xhci_slot_disable slotid 60
usb_xhci_slot_disable slotid 61
usb_xhci_slot_disable slotid 62
usb_xhci_slot_disable slotid 63
usb_xhci_slot_disable slotid 64
usb_xhci_port_link port 1, pls 5
usb_xhci_port_notify port 1, bits 0x20000
usb_xhci_port_link port 2, pls 5
usb_xhci_port_notify port 2, bits 0x20000
usb_xhci_port_link port 3, pls 5
usb_xhci_port_notify port 3, bits 0x20000
usb_xhci_port_link port 4, pls 5
usb_xhci_port_notify port 4, bits 0x20000
usb_xhci_port_link port 5, pls 7
usb_xhci_port_notify port 5, bits 0x20000
usb_xhci_port_link port 6, pls 5
usb_xhci_port_notify port 6, bits 0x20000
usb_xhci_port_link port 7, pls 5
usb_xhci_port_notify port 7, bits 0x20000
usb_xhci_port_link port 8, pls 5
usb_xhci_port_notify port 8, bits 0x20000
usb_xhci_oper_read off 0x0000, ret 0x00000000
usb_xhci_oper_write off 0x0038, val 0x00000040
usb_xhci_oper_write off 0x0030, val 0x0673a000
usb_xhci_oper_write off 0x0034, val 0x00000000
usb_xhci_oper_write off 0x0018, val 0x0673a241
usb_xhci_oper_write off 0x001c, val 0x00000000
usb_xhci_oper_read off 0x0000, ret 0x00000000
usb_xhci_oper_write off 0x0000, val 0x00000000
usb_xhci_runtime_read off 0x0020, ret 0x00000000
usb_xhci_runtime_write off 0x0020, val 0x00000000
usb_xhci_runtime_read off 0x0020, ret 0x00000000
usb_xhci_runtime_write off 0x0020, val 0x00000001
usb_xhci_runtime_read off 0x0040, ret 0x00000000
usb_xhci_runtime_write off 0x0040, val 0x00000000
usb_xhci_runtime_read off 0x0040, ret 0x00000000
usb_xhci_runtime_write off 0x0040, val 0x00000001
usb_xhci_runtime_read off 0x0060, ret 0x00000000
usb_xhci_runtime_write off 0x0060, val 0x00000000
usb_xhci_runtime_read off 0x0060, ret 0x00000000
usb_xhci_runtime_write off 0x0060, val 0x00000001
usb_xhci_runtime_read off 0x0080, ret 0x00000000
usb_xhci_runtime_write off 0x0080, val 0x00000000
usb_xhci_runtime_read off 0x0080, ret 0x00000000
usb_xhci_runtime_write off 0x0080, val 0x00000001
usb_xhci_runtime_read off 0x00a0, ret 0x00000000
usb_xhci_runtime_write off 0x00a0, val 0x00000000
usb_xhci_runtime_read off 0x00a0, ret 0x00000000
usb_xhci_runtime_write off 0x00a0, val 0x00000001
usb_xhci_runtime_read off 0x00c0, ret 0x00000000
usb_xhci_runtime_write off 0x00c0, val 0x00000000
usb_xhci_runtime_read off 0x00c0, ret 0x00000000
usb_xhci_runtime_write off 0x00c0, val 0x00000001
usb_xhci_runtime_read off 0x00e0, ret 0x00000000
usb_xhci_runtime_write off 0x00e0, val 0x00000000
usb_xhci_runtime_read off 0x00e0, ret 0x00000000
usb_xhci_runtime_write off 0x00e0, val 0x00000001
usb_xhci_runtime_read off 0x0100, ret 0x00000000
usb_xhci_runtime_write off 0x0100, val 0x00000000
usb_xhci_runtime_read off 0x0100, ret 0x00000000
usb_xhci_runtime_write off 0x0100, val 0x00000001
usb_xhci_runtime_read off 0x0120, ret 0x00000000
usb_xhci_runtime_write off 0x0120, val 0x00000000
usb_xhci_runtime_read off 0x0120, ret 0x00000000
usb_xhci_runtime_write off 0x0120, val 0x00000001
usb_xhci_runtime_read off 0x0140, ret 0x00000000
usb_xhci_runtime_write off 0x0140, val 0x00000000
usb_xhci_runtime_read off 0x0140, ret 0x00000000
usb_xhci_runtime_write off 0x0140, val 0x00000001
usb_xhci_runtime_read off 0x0160, ret 0x00000000
usb_xhci_runtime_write off 0x0160, val 0x00000000
usb_xhci_runtime_read off 0x0160, ret 0x00000000
usb_xhci_runtime_write off 0x0160, val 0x00000001
usb_xhci_runtime_read off 0x0180, ret 0x00000000
usb_xhci_runtime_write off 0x0180, val 0x00000000
usb_xhci_runtime_read off 0x0180, ret 0x00000000
usb_xhci_runtime_write off 0x0180, val 0x00000001
usb_xhci_runtime_read off 0x01a0, ret 0x00000000
usb_xhci_runtime_write off 0x01a0, val 0x00000000
usb_xhci_runtime_read off 0x01a0, ret 0x00000000
usb_xhci_runtime_write off 0x01a0, val 0x00000001
usb_xhci_runtime_read off 0x01c0, ret 0x00000000
usb_xhci_runtime_write off 0x01c0, val 0x00000000
usb_xhci_runtime_read off 0x01c0, ret 0x00000000
usb_xhci_runtime_write off 0x01c0, val 0x00000001
usb_xhci_runtime_read off 0x01e0, ret 0x00000000
usb_xhci_runtime_write off 0x01e0, val 0x00000000
usb_xhci_runtime_read off 0x01e0, ret 0x00000000
usb_xhci_runtime_write off 0x01e0, val 0x00000001
usb_xhci_runtime_read off 0x0200, ret 0x00000000
usb_xhci_runtime_write off 0x0200, val 0x00000000
usb_xhci_runtime_read off 0x0200, ret 0x00000000
usb_xhci_runtime_write off 0x0200, val 0x00000001
usb_xhci_runtime_write off 0x0028, val 0x00000001
usb_xhci_runtime_write off 0x0038, val 0x0673b240
usb_xhci_runtime_write off 0x003c, val 0x00000000
usb_xhci_runtime_write off 0x0030, val 0x0673d240
usb_xhci_runtime_write off 0x0034, val 0x00000000
usb_xhci_runtime_read off 0x0020, ret 0x00000000
usb_xhci_runtime_write off 0x0020, val 0x00000002
usb_xhci_oper_read off 0x0000, ret 0x00000000
usb_xhci_oper_write off 0x0000, val 0x00000001
usb_xhci_run 
usb_xhci_oper_read off 0x0004, ret 0x00000000
usb_xhci_port_read port 1, off 0x0000, ret 0x000202a0
usb_xhci_port_read port 1, off 0x0000, ret 0x000202a0
usb_xhci_port_write port 1, off 0x0000, val 0x000202a0
usb_xhci_port_read port 1, off 0x0000, ret 0x000002a0
usb_xhci_port_read port 2, off 0x0000, ret 0x000202a0
usb_xhci_port_read port 2, off 0x0000, ret 0x000202a0
usb_xhci_port_write port 2, off 0x0000, val 0x000202a0
usb_xhci_port_read port 2, off 0x0000, ret 0x000002a0
usb_xhci_port_read port 3, off 0x0000, ret 0x000202a0
usb_xhci_port_read port 3, off 0x0000, ret 0x000202a0
usb_xhci_port_write port 3, off 0x0000, val 0x000202a0
usb_xhci_port_read port 3, off 0x0000, ret 0x000002a0
usb_xhci_port_read port 4, off 0x0000, ret 0x000202a0
usb_xhci_port_read port 4, off 0x0000, ret 0x000202a0
usb_xhci_port_write port 4, off 0x0000, val 0x000202a0
usb_xhci_port_read port 4, off 0x0000, ret 0x000002a0
usb_xhci_port_read port 5, off 0x0000, ret 0x00020ee1
usb_xhci_cap_read off 0x0038, ret 0x00000401
usb_xhci_cap_read off 0x0028, ret 0x00000405
usb_xhci_port_read port 5, off 0x0000, ret 0x00020ee1
usb_xhci_port_write port 5, off 0x0000, val 0x00020ee1
usb_xhci_port_read port 5, off 0x0000, ret 0x00000ee1
usb_xhci_oper_read off 0x0004, ret 0x00000000
usb_xhci_port_write port 5, off 0x0000, val 0x00000ef1
usb_xhci_port_reset port 5, warm 0
usb_xhci_port_link port 5, pls 0
usb_xhci_port_notify port 5, bits 0x200000
usb_xhci_queue_event v 0, idx 0, ER_PORT_STATUS_CHANGE, CC_SUCCESS, p 0x0000000005000000, s 0x01000000, c 0x00008801
usb_xhci_port_read port 5, off 0x0000, ret 0x00200e03
usb_xhci_port_read port 5, off 0x0000, ret 0x00200e03
usb_xhci_port_read port 5, off 0x0000, ret 0x00200e03
usb_xhci_cap_read off 0x0038, ret 0x00000401
usb_xhci_cap_read off 0x0028, ret 0x00000405
usb_xhci_port_read port 5, off 0x0000, ret 0x00200e03
usb_xhci_port_write port 5, off 0x0000, val 0x00200e01
usb_xhci_oper_read off 0x0004, ret 0x00000008
usb_xhci_oper_read off 0x0004, ret 0x00000008
usb_xhci_doorbell_write off 0x0000, val 0x00000000
usb_xhci_fetch_trb addr 0x000000000673a240, CR_ENABLE_SLOT, p 0x0000000000000000, s 0x00000000, c 0x00002401
usb_xhci_slot_enable slotid 1
usb_xhci_queue_event v 0, idx 1, ER_COMMAND_COMPLETE, CC_SUCCESS, p 0x000000000673a240, s 0x01000000, c 0x01008401
usb_xhci_fetch_trb addr 0x000000000673a250, TRB_RESERVED, p 0x0000000000000000, s 0x00000000, c 0x00000000
usb_xhci_oper_read off 0x0004, ret 0x00000008
usb_xhci_oper_read off 0x0004, ret 0x00000008
usb_xhci_runtime_read off 0x0038, ret 0x0673b248
usb_xhci_runtime_read off 0x003c, ret 0x00000000
usb_xhci_runtime_write off 0x0038, val 0x0673b268
usb_xhci_runtime_write off 0x003c, val 0x00000000
usb_xhci_oper_read off 0x0004, ret 0x00000008
usb_xhci_oper_read off 0x0004, ret 0x00000008
usb_xhci_doorbell_write off 0x0000, val 0x00000000
usb_xhci_fetch_trb addr 0x000000000673a250, CR_ADDRESS_DEVICE, p 0x000000000673d280, s 0x00000000, c 0x01002c01
usb_xhci_slot_address slotid 1, port 1
usb_xhci_ep_enable slotid 1, epid 1
usb_xhci_queue_event v 0, idx 2, ER_COMMAND_COMPLETE, CC_SUCCESS, p 0x000000000673a250, s 0x01000000, c 0x01008401
usb_xhci_fetch_trb addr 0x000000000673a260, TRB_RESERVED, p 0x0000000000000000, s 0x00000000, c 0x00000000
usb_xhci_oper_read off 0x0004, ret 0x00000008
usb_xhci_oper_read off 0x0004, ret 0x00000008
usb_xhci_runtime_read off 0x0038, ret 0x0673b268
usb_xhci_runtime_read off 0x003c, ret 0x00000000
usb_xhci_runtime_write off 0x0038, val 0x0673b278
usb_xhci_runtime_write off 0x003c, val 0x00000000
usb_xhci_port_read port 5, off 0x0000, ret 0x00000e03
usb_xhci_cap_read off 0x0038, ret 0x00000401
usb_xhci_cap_read off 0x0028, ret 0x00000405
usb_xhci_oper_read off 0x0004, ret 0x00000008
usb_xhci_oper_read off 0x0004, ret 0x00000008
usb_xhci_oper_read off 0x0004, ret 0x00000008
usb_xhci_oper_read off 0x0004, ret 0x00000008
usb_xhci_doorbell_write off 0x0004, val 0x00000001
usb_xhci_ep_kick slotid 1, epid 1, streamid 0
usb_xhci_fetch_trb addr 0x000000000673d6c0, TR_SETUP, p 0x0008000001000680, s 0x00000008, c 0x00030861
usb_xhci_fetch_trb addr 0x000000000673d6d0, TR_DATA, p 0x0000000007e8d3fe, s 0x00000008, c 0x00010c25
usb_xhci_fetch_trb addr 0x000000000673d6e0, TR_STATUS, p 0x0000000000000000, s 0x00000000, c 0x00001021
usb_xhci_xfer_start 0x7fef00acca80: slotid 1, epid 1, streamid 0
usb_xhci_xfer_success 0x7fef00acca80: len 8
usb_xhci_queue_event v 0, idx 3, ER_TRANSFER, CC_SUCCESS, p 0x000000000673d6c0, s 0x01000000, c 0x01018001
usb_xhci_queue_event v 0, idx 4, ER_TRANSFER, CC_SUCCESS, p 0x000000000673d6d0, s 0x01000000, c 0x01018001
usb_xhci_queue_event v 0, idx 5, ER_TRANSFER, CC_SUCCESS, p 0x000000000673d6e0, s 0x01000000, c 0x01018001
usb_xhci_oper_read off 0x0004, ret 0x00000008
usb_xhci_oper_read off 0x0004, ret 0x00000008
usb_xhci_runtime_read off 0x0038, ret 0x0673b278
usb_xhci_runtime_read off 0x003c, ret 0x00000000
usb_xhci_runtime_write off 0x0038, val 0x0673b2a8
usb_xhci_runtime_write off 0x003c, val 0x00000000
usb_xhci_oper_read off 0x0004, ret 0x00000008
usb_xhci_oper_read off 0x0004, ret 0x00000008
usb_xhci_doorbell_write off 0x0004, val 0x00000001
usb_xhci_ep_kick slotid 1, epid 1, streamid 0
usb_xhci_fetch_trb addr 0x000000000673d6f0, TR_SETUP, p 0x0012000001000680, s 0x00000008, c 0x00030861
usb_xhci_fetch_trb addr 0x000000000673d700, TR_DATA, p 0x0000000006739e18, s 0x00000012, c 0x00010c25
usb_xhci_fetch_trb addr 0x000000000673d710, TR_STATUS, p 0x0000000000000000, s 0x00000000, c 0x00001021
usb_xhci_xfer_start 0x7fef00acca80: slotid 1, epid 1, streamid 0
usb_xhci_xfer_success 0x7fef00acca80: len 18
usb_xhci_queue_event v 0, idx 6, ER_TRANSFER, CC_SUCCESS, p 0x000000000673d6f0, s 0x01000000, c 0x01018001
usb_xhci_queue_event v 0, idx 7, ER_TRANSFER, CC_SUCCESS, p 0x000000000673d700, s 0x01000000, c 0x01018001
usb_xhci_queue_event v 0, idx 8, ER_TRANSFER, CC_SUCCESS, p 0x000000000673d710, s 0x01000000, c 0x01018001
usb_xhci_oper_read off 0x0004, ret 0x00000008
usb_xhci_oper_read off 0x0004, ret 0x00000008
usb_xhci_runtime_read off 0x0038, ret 0x0673b2a8
usb_xhci_runtime_read off 0x003c, ret 0x00000000
usb_xhci_runtime_write off 0x0038, val 0x0673b2d8
usb_xhci_runtime_write off 0x003c, val 0x00000000
usb_xhci_oper_read off 0x0004, ret 0x00000008
usb_xhci_oper_read off 0x0004, ret 0x00000008
usb_xhci_doorbell_write off 0x0000, val 0x00000000
usb_xhci_fetch_trb addr 0x000000000673a260, CR_EVALUATE_CONTEXT, p 0x000000000673d280, s 0x00000000, c 0x01003401
usb_xhci_slot_evaluate slotid 1
usb_xhci_queue_event v 0, idx 9, ER_COMMAND_COMPLETE, CC_SUCCESS, p 0x000000000673a260, s 0x01000000, c 0x01008401
usb_xhci_fetch_trb addr 0x000000000673a270, TRB_RESERVED, p 0x0000000000000000, s 0x00000000, c 0x00000000
usb_xhci_oper_read off 0x0004, ret 0x00000008
usb_xhci_oper_read off 0x0004, ret 0x00000008
usb_xhci_runtime_read off 0x0038, ret 0x0673b2d8
usb_xhci_runtime_read off 0x003c, ret 0x00000000
usb_xhci_runtime_write off 0x0038, val 0x0673b2e8
usb_xhci_runtime_write off 0x003c, val 0x00000000
usb_xhci_oper_read off 0x0004, ret 0x00000008
usb_xhci_oper_read off 0x0004, ret 0x00000008
usb_xhci_doorbell_write off 0x0004, val 0x00000001
usb_xhci_ep_kick slotid 1, epid 1, streamid 0
usb_xhci_fetch_trb addr 0x000000000673d720, TR_SETUP, p 0x0008000002000680, s 0x00000008, c 0x00030861
usb_xhci_fetch_trb addr 0x000000000673d730, TR_DATA, p 0x0000000007e8d3f0, s 0x00000008, c 0x00010c25
usb_xhci_fetch_trb addr 0x000000000673d740, TR_STATUS, p 0x0000000000000000, s 0x00000000, c 0x00001021
usb_xhci_xfer_start 0x7fef00acca80: slotid 1, epid 1, streamid 0
usb_xhci_xfer_success 0x7fef00acca80: len 8
usb_xhci_queue_event v 0, idx 10, ER_TRANSFER, CC_SUCCESS, p 0x000000000673d720, s 0x01000000, c 0x01018001
usb_xhci_queue_event v 0, idx 11, ER_TRANSFER, CC_SUCCESS, p 0x000000000673d730, s 0x01000000, c 0x01018001
usb_xhci_queue_event v 0, idx 12, ER_TRANSFER, CC_SUCCESS, p 0x000000000673d740, s 0x01000000, c 0x01018001
usb_xhci_oper_read off 0x0004, ret 0x00000008
usb_xhci_oper_read off 0x0004, ret 0x00000008
usb_xhci_runtime_read off 0x0038, ret 0x0673b2e8
usb_xhci_runtime_read off 0x003c, ret 0x00000000
usb_xhci_runtime_write off 0x0038, val 0x0673b318
usb_xhci_runtime_write off 0x003c, val 0x00000000
usb_xhci_oper_read off 0x0004, ret 0x00000008
usb_xhci_oper_read off 0x0004, ret 0x00000008
usb_xhci_doorbell_write off 0x0004, val 0x00000001
usb_xhci_ep_kick slotid 1, epid 1, streamid 0
usb_xhci_fetch_trb addr 0x000000000673d750, TR_SETUP, p 0x0022000002000680, s 0x00000008, c 0x00030861
usb_xhci_fetch_trb addr 0x000000000673d760, TR_DATA, p 0x000000000675f518, s 0x00000022, c 0x00010c25
usb_xhci_fetch_trb addr 0x000000000673d770, TR_STATUS, p 0x0000000000000000, s 0x00000000, c 0x00001021
usb_xhci_xfer_start 0x7fef00acca80: slotid 1, epid 1, streamid 0
usb_xhci_xfer_success 0x7fef00acca80: len 34
usb_xhci_queue_event v 0, idx 13, ER_TRANSFER, CC_SUCCESS, p 0x000000000673d750, s 0x01000000, c 0x01018001
usb_xhci_queue_event v 0, idx 14, ER_TRANSFER, CC_SUCCESS, p 0x000000000673d760, s 0x01000000, c 0x01018001
usb_xhci_queue_event v 0, idx 15, ER_TRANSFER, CC_SUCCESS, p 0x000000000673d770, s 0x01000000, c 0x01018001
usb_xhci_oper_read off 0x0004, ret 0x00000008
usb_xhci_oper_read off 0x0004, ret 0x00000008
usb_xhci_runtime_read off 0x0038, ret 0x0673b318
usb_xhci_runtime_read off 0x003c, ret 0x00000000
usb_xhci_runtime_write off 0x0038, val 0x0673b348
usb_xhci_runtime_write off 0x003c, val 0x00000000
usb_xhci_oper_read off 0x0004, ret 0x00000008
usb_xhci_oper_read off 0x0004, ret 0x00000008
usb_xhci_doorbell_write off 0x0004, val 0x00000001
usb_xhci_ep_kick slotid 1, epid 1, streamid 0
usb_xhci_fetch_trb addr 0x000000000673d780, TR_SETUP, p 0x0002000003000680, s 0x00000008, c 0x00030861
usb_xhci_fetch_trb addr 0x000000000673d790, TR_DATA, p 0x0000000007e8d36c, s 0x00000002, c 0x00010c25
usb_xhci_fetch_trb addr 0x000000000673d7a0, TR_STATUS, p 0x0000000000000000, s 0x00000000, c 0x00001021
usb_xhci_xfer_start 0x7fef00acca80: slotid 1, epid 1, streamid 0
usb_xhci_xfer_success 0x7fef00acca80: len 2
usb_xhci_queue_event v 0, idx 16, ER_TRANSFER, CC_SUCCESS, p 0x000000000673d780, s 0x01000000, c 0x01018001
usb_xhci_queue_event v 0, idx 17, ER_TRANSFER, CC_SUCCESS, p 0x000000000673d790, s 0x01000000, c 0x01018001
usb_xhci_queue_event v 0, idx 18, ER_TRANSFER, CC_SUCCESS, p 0x000000000673d7a0, s 0x01000000, c 0x01018001
usb_xhci_oper_read off 0x0004, ret 0x00000008
usb_xhci_oper_read off 0x0004, ret 0x00000008
usb_xhci_runtime_read off 0x0038, ret 0x0673b348
usb_xhci_runtime_read off 0x003c, ret 0x00000000
usb_xhci_runtime_write off 0x0038, val 0x0673b378
usb_xhci_runtime_write off 0x003c, val 0x00000000
usb_xhci_oper_read off 0x0004, ret 0x00000008
usb_xhci_oper_read off 0x0004, ret 0x00000008
usb_xhci_doorbell_write off 0x0004, val 0x00000001
usb_xhci_ep_kick slotid 1, epid 1, streamid 0
usb_xhci_fetch_trb addr 0x000000000673d7b0, TR_SETUP, p 0x0004000003000680, s 0x00000008, c 0x00030861
usb_xhci_fetch_trb addr 0x000000000673d7c0, TR_DATA, p 0x0000000006738e18, s 0x00000004, c 0x00010c25
usb_xhci_fetch_trb addr 0x000000000673d7d0, TR_STATUS, p 0x0000000000000000, s 0x00000000, c 0x00001021
usb_xhci_xfer_start 0x7fef00acca80: slotid 1, epid 1, streamid 0
usb_xhci_xfer_success 0x7fef00acca80: len 4
usb_xhci_queue_event v 0, idx 19, ER_TRANSFER, CC_SUCCESS, p 0x000000000673d7b0, s 0x01000000, c 0x01018001
usb_xhci_queue_event v 0, idx 20, ER_TRANSFER, CC_SUCCESS, p 0x000000000673d7c0, s 0x01000000, c 0x01018001
usb_xhci_queue_event v 0, idx 21, ER_TRANSFER, CC_SUCCESS, p 0x000000000673d7d0, s 0x01000000, c 0x01018001
usb_xhci_oper_read off 0x0004, ret 0x00000008
usb_xhci_oper_read off 0x0004, ret 0x00000008
usb_xhci_runtime_read off 0x0038, ret 0x0673b378
usb_xhci_runtime_read off 0x003c, ret 0x00000000
usb_xhci_runtime_write off 0x0038, val 0x0673b3a8
usb_xhci_runtime_write off 0x003c, val 0x00000000
usb_xhci_oper_read off 0x0004, ret 0x00000008
usb_xhci_oper_read off 0x0004, ret 0x00000008
usb_xhci_doorbell_write off 0x0004, val 0x00000001
usb_xhci_ep_kick slotid 1, epid 1, streamid 0
usb_xhci_fetch_trb addr 0x000000000673d7e0, TR_SETUP, p 0x0000000000010900, s 0x00000008, c 0x00000861
usb_xhci_fetch_trb addr 0x000000000673d7f0, TR_STATUS, p 0x0000000000000000, s 0x00000000, c 0x00011021
usb_xhci_xfer_start 0x7fef00acca80: slotid 1, epid 1, streamid 0
usb_xhci_xfer_success 0x7fef00acca80: len 0
usb_xhci_queue_event v 0, idx 22, ER_TRANSFER, CC_SUCCESS, p 0x000000000673d7e0, s 0x01000000, c 0x01018001
usb_xhci_queue_event v 0, idx 23, ER_TRANSFER, CC_SUCCESS, p 0x000000000673d7f0, s 0x01000000, c 0x01018001
usb_xhci_oper_read off 0x0004, ret 0x00000008
usb_xhci_oper_read off 0x0004, ret 0x00000008
usb_xhci_runtime_read off 0x0038, ret 0x0673b3a8
usb_xhci_runtime_read off 0x003c, ret 0x00000000
usb_xhci_runtime_write off 0x0038, val 0x0673b3c8
usb_xhci_runtime_write off 0x003c, val 0x00000000
usb_xhci_oper_read off 0x0004, ret 0x00000008
usb_xhci_oper_read off 0x0004, ret 0x00000008
usb_xhci_doorbell_write off 0x0000, val 0x00000000
usb_xhci_fetch_trb addr 0x000000000673a270, CR_CONFIGURE_ENDPOINT, p 0x000000000673d280, s 0x00000000, c 0x01003001
usb_xhci_slot_configure slotid 1
usb_xhci_ep_disable slotid 1, epid 3
usb_xhci_ep_enable slotid 1, epid 3
usb_xhci_queue_event v 0, idx 24, ER_COMMAND_COMPLETE, CC_SUCCESS, p 0x000000000673a270, s 0x01000000, c 0x01008401
usb_xhci_fetch_trb addr 0x000000000673a280, TRB_RESERVED, p 0x0000000000000000, s 0x00000000, c 0x00000000
usb_xhci_oper_read off 0x0004, ret 0x00000008
usb_xhci_oper_read off 0x0004, ret 0x00000008
usb_xhci_runtime_read off 0x0038, ret 0x0673b3c8
usb_xhci_runtime_read off 0x003c, ret 0x00000000
usb_xhci_runtime_write off 0x0038, val 0x0673b3d8
usb_xhci_runtime_write off 0x003c, val 0x00000000
usb_xhci_port_read port 5, off 0x0000, ret 0x00000e03
usb_xhci_cap_read off 0x0038, ret 0x00000401
usb_xhci_cap_read off 0x0028, ret 0x00000405
usb_xhci_port_read port 6, off 0x0000, ret 0x000202a0
usb_xhci_port_read port 6, off 0x0000, ret 0x000202a0
usb_xhci_port_write port 6, off 0x0000, val 0x000202a0
usb_xhci_port_read port 6, off 0x0000, ret 0x000002a0
usb_xhci_port_read port 7, off 0x0000, ret 0x000202a0
usb_xhci_port_read port 7, off 0x0000, ret 0x000202a0
usb_xhci_port_write port 7, off 0x0000, val 0x000202a0
usb_xhci_port_read port 7, off 0x0000, ret 0x000002a0
usb_xhci_port_read port 8, off 0x0000, ret 0x000202a0
usb_xhci_port_read port 8, off 0x0000, ret 0x000202a0
usb_xhci_port_write port 8, off 0x0000, val 0x000202a0
usb_xhci_port_read port 8, off 0x0000, ret 0x000002a0
usb_xhci_oper_read off 0x0004, ret 0x00000008
usb_xhci_oper_read off 0x0004, ret 0x00000008
usb_xhci_doorbell_write off 0x0004, val 0x00000001
usb_xhci_ep_kick slotid 1, epid 1, streamid 0
usb_xhci_fetch_trb addr 0x000000000673d800, TR_SETUP, p 0x0001000000000880, s 0x00000008, c 0x00030861
usb_xhci_fetch_trb addr 0x000000000673d810, TR_DATA, p 0x0000000007e8d48e, s 0x00000001, c 0x00010c25
usb_xhci_fetch_trb addr 0x000000000673d820, TR_STATUS, p 0x0000000000000000, s 0x00000000, c 0x00001021
usb_xhci_xfer_start 0x7fef00acca80: slotid 1, epid 1, streamid 0
usb_xhci_xfer_success 0x7fef00acca80: len 1
usb_xhci_queue_event v 0, idx 25, ER_TRANSFER, CC_SUCCESS, p 0x000000000673d800, s 0x01000000, c 0x01018001
usb_xhci_queue_event v 0, idx 26, ER_TRANSFER, CC_SUCCESS, p 0x000000000673d810, s 0x01000000, c 0x01018001
usb_xhci_queue_event v 0, idx 27, ER_TRANSFER, CC_SUCCESS, p 0x000000000673d820, s 0x01000000, c 0x01018001
usb_xhci_oper_read off 0x0004, ret 0x00000008
usb_xhci_oper_read off 0x0004, ret 0x00000008
usb_xhci_runtime_read off 0x0038, ret 0x0673b3d8
usb_xhci_runtime_read off 0x003c, ret 0x00000000
usb_xhci_runtime_write off 0x0038, val 0x0673b408
usb_xhci_runtime_write off 0x003c, val 0x00000000
usb_xhci_oper_read off 0x0004, ret 0x00000008
usb_xhci_oper_read off 0x0004, ret 0x00000008
usb_xhci_doorbell_write off 0x0004, val 0x00000001
usb_xhci_ep_kick slotid 1, epid 1, streamid 0
usb_xhci_fetch_trb addr 0x000000000673d830, TR_SETUP, p 0x0000000000000b21, s 0x00000008, c 0x00000861
usb_xhci_fetch_trb addr 0x000000000673d840, TR_STATUS, p 0x0000000000000000, s 0x00000000, c 0x00011021
usb_xhci_xfer_start 0x7fef00acca80: slotid 1, epid 1, streamid 0
usb_xhci_xfer_success 0x7fef00acca80: len 0
usb_xhci_queue_event v 0, idx 28, ER_TRANSFER, CC_SUCCESS, p 0x000000000673d830, s 0x01000000, c 0x01018001
usb_xhci_queue_event v 0, idx 29, ER_TRANSFER, CC_SUCCESS, p 0x000000000673d840, s 0x01000000, c 0x01018001
usb_xhci_oper_read off 0x0004, ret 0x00000008
usb_xhci_oper_read off 0x0004, ret 0x00000008
usb_xhci_runtime_read off 0x0038, ret 0x0673b408
usb_xhci_runtime_read off 0x003c, ret 0x00000000
usb_xhci_runtime_write off 0x0038, val 0x0673b428
usb_xhci_runtime_write off 0x003c, val 0x00000000
usb_xhci_oper_read off 0x0004, ret 0x00000008
usb_xhci_oper_read off 0x0004, ret 0x00000008
usb_xhci_doorbell_write off 0x0004, val 0x00000001
usb_xhci_ep_kick slotid 1, epid 1, streamid 0
usb_xhci_fetch_trb addr 0x000000000673d850, TR_SETUP, p 0x0001000002000921, s 0x00000008, c 0x00020861
usb_xhci_fetch_trb addr 0x000000000673d860, TR_DATA, p 0x0000000007e8d423, s 0x00000001, c 0x00000c25
usb_xhci_fetch_trb addr 0x000000000673d870, TR_STATUS, p 0x0000000000000000, s 0x00000000, c 0x00011021
usb_xhci_xfer_start 0x7fef00acca80: slotid 1, epid 1, streamid 0
usb_xhci_xfer_success 0x7fef00acca80: len 1
usb_xhci_queue_event v 0, idx 30, ER_TRANSFER, CC_SUCCESS, p 0x000000000673d850, s 0x01000000, c 0x01018001
usb_xhci_queue_event v 0, idx 31, ER_TRANSFER, CC_SUCCESS, p 0x000000000673d860, s 0x01000000, c 0x01018001
usb_xhci_queue_event v 0, idx 32, ER_TRANSFER, CC_SUCCESS, p 0x000000000673d870, s 0x01000000, c 0x01018001
usb_xhci_oper_read off 0x0004, ret 0x00000008
usb_xhci_oper_read off 0x0004, ret 0x00000008
usb_xhci_runtime_read off 0x0038, ret 0x0673b428
usb_xhci_runtime_read off 0x003c, ret 0x00000000
usb_xhci_runtime_write off 0x0038, val 0x0673b458
usb_xhci_runtime_write off 0x003c, val 0x00000000
usb_xhci_oper_read off 0x0004, ret 0x00000008
usb_xhci_oper_read off 0x0004, ret 0x00000008
usb_xhci_doorbell_write off 0x0004, val 0x00000003
usb_xhci_ep_kick slotid 1, epid 3, streamid 0
usb_xhci_fetch_trb addr 0x000000000673eac0, TR_NORMAL, p 0x0000000006733e18, s 0x00000008, c 0x00000425
usb_xhci_xfer_start 0x7fef00acca80: slotid 1, epid 3, streamid 0
usb_xhci_oper_read off 0x0004, ret 0x00000008
usb_xhci_oper_read off 0x0004, ret 0x00000008
usb_xhci_doorbell_write off 0x0004, val 0x00000001
usb_xhci_ep_kick slotid 1, epid 1, streamid 0
usb_xhci_fetch_trb addr 0x000000000673d880, TR_SETUP, p 0x0001000002000921, s 0x00000008, c 0x00020861
usb_xhci_fetch_trb addr 0x000000000673d890, TR_DATA, p 0x0000000007e8d4f3, s 0x00000001, c 0x00000c25
usb_xhci_fetch_trb addr 0x000000000673d8a0, TR_STATUS, p 0x0000000000000000, s 0x00000000, c 0x00011021
usb_xhci_xfer_start 0x7fef00acaeb0: slotid 1, epid 1, streamid 0
usb_xhci_xfer_success 0x7fef00acaeb0: len 1
usb_xhci_queue_event v 0, idx 33, ER_TRANSFER, CC_SUCCESS, p 0x000000000673d880, s 0x01000000, c 0x01018001
usb_xhci_queue_event v 0, idx 34, ER_TRANSFER, CC_SUCCESS, p 0x000000000673d890, s 0x01000000, c 0x01018001
usb_xhci_queue_event v 0, idx 35, ER_TRANSFER, CC_SUCCESS, p 0x000000000673d8a0, s 0x01000000, c 0x01018001
usb_xhci_oper_read off 0x0004, ret 0x00000008
usb_xhci_oper_read off 0x0004, ret 0x00000008
usb_xhci_runtime_read off 0x0038, ret 0x0673b458
usb_xhci_runtime_read off 0x003c, ret 0x00000000
usb_xhci_runtime_write off 0x0038, val 0x0673b488
usb_xhci_runtime_write off 0x003c, val 0x00000000
usb_xhci_ep_kick slotid 1, epid 3, streamid 0
usb_xhci_xfer_retry 0x7fef00acca80
usb_xhci_oper_read off 0x0004, ret 0x00000008
usb_xhci_oper_read off 0x0004, ret 0x00000008
usb_xhci_runtime_read off 0x0038, ret 0x0673b480
usb_xhci_runtime_read off 0x003c, ret 0x00000000
usb_xhci_oper_read off 0x0004, ret 0x00000008
usb_xhci_oper_read off 0x0004, ret 0x00000008
usb_xhci_runtime_read off 0x0038, ret 0x0673b480
usb_xhci_runtime_read off 0x003c, ret 0x00000000
usb_xhci_oper_read off 0x0004, ret 0x00000008
usb_xhci_oper_read off 0x0004, ret 0x00000008
usb_xhci_runtime_read off 0x0038, ret 0x0673b480
usb_xhci_runtime_read off 0x003c, ret 0x00000000
usb_xhci_oper_read off 0x0004, ret 0x00000008
usb_xhci_oper_read off 0x0004, ret 0x00000008
usb_xhci_runtime_read off 0x0038, ret 0x0673b480
usb_xhci_runtime_read off 0x003c, ret 0x00000000
usb_xhci_oper_read off 0x0004, ret 0x00000008
usb_xhci_oper_read off 0x0004, ret 0x00000008
usb_xhci_runtime_read off 0x0038, ret 0x0673b480
usb_xhci_runtime_read off 0x003c, ret 0x00000000
usb_xhci_oper_read off 0x0004, ret 0x00000008
usb_xhci_oper_read off 0x0004, ret 0x00000008
usb_xhci_runtime_read off 0x0038, ret 0x0673b480
usb_xhci_runtime_read off 0x003c, ret 0x00000000
usb_xhci_oper_read off 0x0004, ret 0x00000008
usb_xhci_oper_read off 0x0004, ret 0x00000008
usb_xhci_runtime_read off 0x0038, ret 0x0673b480
usb_xhci_runtime_read off 0x003c, ret 0x00000000
usb_xhci_oper_read off 0x0004, ret 0x00000008
usb_xhci_oper_read off 0x0004, ret 0x00000008
usb_xhci_runtime_read off 0x0038, ret 0x0673b480
usb_xhci_runtime_read off 0x003c, ret 0x00000000
usb_xhci_oper_read off 0x0004, ret 0x00000008
usb_xhci_oper_read off 0x0004, ret 0x00000008
usb_xhci_runtime_read off 0x0038, ret 0x0673b480
usb_xhci_runtime_read off 0x003c, ret 0x00000000
usb_xhci_port_read port 1, off 0x0000, ret 0x000002a0
usb_xhci_port_read port 2, off 0x0000, ret 0x000002a0
usb_xhci_port_read port 3, off 0x0000, ret 0x000002a0
usb_xhci_port_read port 4, off 0x0000, ret 0x000002a0
usb_xhci_port_read port 5, off 0x0000, ret 0x00000e03
usb_xhci_cap_read off 0x0038, ret 0x00000401
usb_xhci_cap_read off 0x0028, ret 0x00000405
usb_xhci_port_read port 6, off 0x0000, ret 0x000002a0
usb_xhci_port_read port 7, off 0x0000, ret 0x000002a0
usb_xhci_port_read port 8, off 0x0000, ret 0x000002a0
usb_xhci_oper_read off 0x0004, ret 0x00000008
usb_xhci_oper_read off 0x0004, ret 0x00000008
usb_xhci_runtime_read off 0x0038, ret 0x0673b480
usb_xhci_runtime_read off 0x003c, ret 0x00000000
usb_xhci_oper_read off 0x0004, ret 0x00000008
usb_xhci_oper_read off 0x0004, ret 0x00000008
usb_xhci_runtime_read off 0x0038, ret 0x0673b480
usb_xhci_runtime_read off 0x003c, ret 0x00000000
usb_xhci_oper_read off 0x0004, ret 0x00000008
usb_xhci_oper_read off 0x0004, ret 0x00000008
usb_xhci_runtime_read off 0x0038, ret 0x0673b480
usb_xhci_runtime_read off 0x003c, ret 0x00000000
usb_xhci_oper_read off 0x0004, ret 0x00000008
usb_xhci_oper_read off 0x0004, ret 0x00000008
usb_xhci_runtime_read off 0x0038, ret 0x0673b480
usb_xhci_runtime_read off 0x003c, ret 0x00000000
usb_xhci_oper_read off 0x0004, ret 0x00000008
usb_xhci_oper_read off 0x0004, ret 0x00000008
usb_xhci_runtime_read off 0x0038, ret 0x0673b480
usb_xhci_runtime_read off 0x003c, ret 0x00000000
usb_xhci_oper_read off 0x0004, ret 0x00000008
usb_xhci_oper_read off 0x0004, ret 0x00000008
usb_xhci_runtime_read off 0x0038, ret 0x0673b480
usb_xhci_runtime_read off 0x003c, ret 0x00000000
usb_xhci_oper_read off 0x0004, ret 0x00000008
usb_xhci_oper_read off 0x0004, ret 0x00000008
usb_xhci_runtime_read off 0x0038, ret 0x0673b480
usb_xhci_runtime_read off 0x003c, ret 0x00000000
usb_xhci_oper_read off 0x0004, ret 0x00000008
usb_xhci_oper_read off 0x0004, ret 0x00000008
usb_xhci_runtime_read off 0x0038, ret 0x0673b480
usb_xhci_runtime_read off 0x003c, ret 0x00000000
usb_xhci_oper_read off 0x0004, ret 0x00000008
usb_xhci_oper_read off 0x0004, ret 0x00000008
usb_xhci_runtime_read off 0x0038, ret 0x0673b480
usb_xhci_runtime_read off 0x003c, ret 0x00000000
usb_xhci_oper_read off 0x0004, ret 0x00000008
usb_xhci_oper_read off 0x0004, ret 0x00000008
usb_xhci_runtime_read off 0x0038, ret 0x0673b480
usb_xhci_runtime_read off 0x003c, ret 0x00000000
usb_xhci_oper_read off 0x0004, ret 0x00000008
usb_xhci_oper_read off 0x0004, ret 0x00000008
usb_xhci_runtime_read off 0x0038, ret 0x0673b480
usb_xhci_runtime_read off 0x003c, ret 0x00000000
usb_xhci_port_read port 1, off 0x0000, ret 0x000002a0
usb_xhci_port_read port 2, off 0x0000, ret 0x000002a0
usb_xhci_port_read port 3, off 0x0000, ret 0x000002a0
usb_xhci_port_read port 4, off 0x0000, ret 0x000002a0
usb_xhci_port_read port 5, off 0x0000, ret 0x00000e03
usb_xhci_cap_read off 0x0038, ret 0x00000401
usb_xhci_cap_read off 0x0028, ret 0x00000405
usb_xhci_port_read port 6, off 0x0000, ret 0x000002a0
usb_xhci_port_read port 7, off 0x0000, ret 0x000002a0
usb_xhci_port_read port 8, off 0x0000, ret 0x000002a0
usb_xhci_oper_read off 0x0004, ret 0x00000008
usb_xhci_oper_read off 0x0004, ret 0x00000008
usb_xhci_runtime_read off 0x0038, ret 0x0673b480
usb_xhci_runtime_read off 0x003c, ret 0x00000000
usb_xhci_oper_read off 0x0004, ret 0x00000008
usb_xhci_oper_read off 0x0004, ret 0x00000008
usb_xhci_runtime_read off 0x0038, ret 0x0673b480
usb_xhci_runtime_read off 0x003c, ret 0x00000000
usb_xhci_oper_read off 0x0004, ret 0x00000008
usb_xhci_oper_read off 0x0004, ret 0x00000008
usb_xhci_runtime_read off 0x0038, ret 0x0673b480
usb_xhci_runtime_read off 0x003c, ret 0x00000000
usb_xhci_oper_read off 0x0004, ret 0x00000008
usb_xhci_oper_read off 0x0004, ret 0x00000008
usb_xhci_runtime_read off 0x0038, ret 0x0673b480
usb_xhci_runtime_read off 0x003c, ret 0x00000000
usb_xhci_oper_read off 0x0004, ret 0x00000008
usb_xhci_oper_read off 0x0004, ret 0x00000008
usb_xhci_runtime_read off 0x0038, ret 0x0673b480
usb_xhci_runtime_read off 0x003c, ret 0x00000000
usb_xhci_oper_read off 0x0004, ret 0x00000008
usb_xhci_oper_read off 0x0004, ret 0x00000008
usb_xhci_runtime_read off 0x0038, ret 0x0673b480
usb_xhci_runtime_read off 0x003c, ret 0x00000000
usb_xhci_oper_read off 0x0004, ret 0x00000008
usb_xhci_oper_read off 0x0004, ret 0x00000008
usb_xhci_runtime_read off 0x0038, ret 0x0673b480
usb_xhci_runtime_read off 0x003c, ret 0x00000000
usb_xhci_oper_read off 0x0004, ret 0x00000008
usb_xhci_oper_read off 0x0004, ret 0x00000008
usb_xhci_runtime_read off 0x0038, ret 0x0673b480
usb_xhci_runtime_read off 0x003c, ret 0x00000000
usb_xhci_oper_read off 0x0004, ret 0x00000008
usb_xhci_oper_read off 0x0004, ret 0x00000008
usb_xhci_runtime_read off 0x0038, ret 0x0673b480
usb_xhci_runtime_read off 0x003c, ret 0x00000000
usb_xhci_port_read port 1, off 0x0000, ret 0x000002a0
usb_xhci_port_read port 2, off 0x0000, ret 0x000002a0
usb_xhci_port_read port 3, off 0x0000, ret 0x000002a0
usb_xhci_port_read port 4, off 0x0000, ret 0x000002a0
usb_xhci_port_read port 5, off 0x0000, ret 0x00000e03
usb_xhci_cap_read off 0x0038, ret 0x00000401
usb_xhci_cap_read off 0x0028, ret 0x00000405
usb_xhci_port_read port 6, off 0x0000, ret 0x000002a0
usb_xhci_port_read port 7, off 0x0000, ret 0x000002a0
usb_xhci_port_read port 8, off 0x0000, ret 0x000002a0
usb_xhci_oper_read off 0x0004, ret 0x00000008
usb_xhci_oper_read off 0x0004, ret 0x00000008
usb_xhci_runtime_read off 0x0038, ret 0x0673b480
usb_xhci_runtime_read off 0x003c, ret 0x00000000
usb_xhci_oper_read off 0x0004, ret 0x00000008
usb_xhci_oper_read off 0x0004, ret 0x00000008
usb_xhci_runtime_read off 0x0038, ret 0x0673b480
usb_xhci_runtime_read off 0x003c, ret 0x00000000
usb_xhci_oper_read off 0x0004, ret 0x00000008
usb_xhci_oper_read off 0x0004, ret 0x00000008
usb_xhci_runtime_read off 0x0038, ret 0x0673b480
usb_xhci_runtime_read off 0x003c, ret 0x00000000
usb_xhci_oper_read off 0x0004, ret 0x00000008
usb_xhci_oper_read off 0x0004, ret 0x00000008
usb_xhci_runtime_read off 0x0038, ret 0x0673b480
usb_xhci_runtime_read off 0x003c, ret 0x00000000
usb_xhci_oper_read off 0x0004, ret 0x00000008
usb_xhci_oper_read off 0x0004, ret 0x00000008
usb_xhci_runtime_read off 0x0038, ret 0x0673b480
usb_xhci_runtime_read off 0x003c, ret 0x00000000
usb_xhci_oper_read off 0x0004, ret 0x00000008
usb_xhci_oper_read off 0x0004, ret 0x00000008
usb_xhci_runtime_read off 0x0038, ret 0x0673b480
usb_xhci_runtime_read off 0x003c, ret 0x00000000
usb_xhci_oper_read off 0x0004, ret 0x00000008
usb_xhci_oper_read off 0x0004, ret 0x00000008
usb_xhci_runtime_read off 0x0038, ret 0x0673b480
usb_xhci_runtime_read off 0x003c, ret 0x00000000
usb_xhci_oper_read off 0x0004, ret 0x00000008
usb_xhci_oper_read off 0x0004, ret 0x00000008
usb_xhci_runtime_read off 0x0038, ret 0x0673b480
usb_xhci_runtime_read off 0x003c, ret 0x00000000
usb_xhci_oper_read off 0x0004, ret 0x00000008
usb_xhci_oper_read off 0x0004, ret 0x00000008
usb_xhci_runtime_read off 0x0038, ret 0x0673b480
usb_xhci_runtime_read off 0x003c, ret 0x00000000
usb_xhci_oper_read off 0x0004, ret 0x00000008
usb_xhci_oper_read off 0x0004, ret 0x00000008
usb_xhci_runtime_read off 0x0038, ret 0x0673b480
usb_xhci_runtime_read off 0x003c, ret 0x00000000
usb_xhci_port_read port 1, off 0x0000, ret 0x000002a0
usb_xhci_port_read port 2, off 0x0000, ret 0x000002a0
usb_xhci_port_read port 3, off 0x0000, ret 0x000002a0
usb_xhci_port_read port 4, off 0x0000, ret 0x000002a0
usb_xhci_port_read port 5, off 0x0000, ret 0x00000e03
usb_xhci_cap_read off 0x0038, ret 0x00000401
usb_xhci_cap_read off 0x0028, ret 0x00000405
usb_xhci_port_read port 6, off 0x0000, ret 0x000002a0
usb_xhci_port_read port 7, off 0x0000, ret 0x000002a0
usb_xhci_port_read port 8, off 0x0000, ret 0x000002a0
usb_xhci_oper_read off 0x0004, ret 0x00000008
usb_xhci_oper_read off 0x0004, ret 0x00000008
usb_xhci_runtime_read off 0x0038, ret 0x0673b480
usb_xhci_runtime_read off 0x003c, ret 0x00000000
usb_xhci_oper_read off 0x0004, ret 0x00000008
usb_xhci_oper_read off 0x0004, ret 0x00000008
usb_xhci_runtime_read off 0x0038, ret 0x0673b480
usb_xhci_runtime_read off 0x003c, ret 0x00000000
usb_xhci_oper_read off 0x0004, ret 0x00000008
usb_xhci_oper_read off 0x0004, ret 0x00000008
usb_xhci_runtime_read off 0x0038, ret 0x0673b480
usb_xhci_runtime_read off 0x003c, ret 0x00000000
usb_xhci_oper_read off 0x0004, ret 0x00000008
usb_xhci_oper_read off 0x0004, ret 0x00000008
usb_xhci_runtime_read off 0x0038, ret 0x0673b480
usb_xhci_runtime_read off 0x003c, ret 0x00000000
usb_xhci_oper_read off 0x0004, ret 0x00000008
usb_xhci_oper_read off 0x0004, ret 0x00000008
usb_xhci_runtime_read off 0x0038, ret 0x0673b480
usb_xhci_runtime_read off 0x003c, ret 0x00000000
usb_xhci_oper_read off 0x0004, ret 0x00000008
usb_xhci_oper_read off 0x0004, ret 0x00000008
usb_xhci_runtime_read off 0x0038, ret 0x0673b480
usb_xhci_runtime_read off 0x003c, ret 0x00000000
usb_xhci_oper_read off 0x0004, ret 0x00000008
usb_xhci_oper_read off 0x0004, ret 0x00000008
usb_xhci_runtime_read off 0x0038, ret 0x0673b480
usb_xhci_runtime_read off 0x003c, ret 0x00000000
usb_xhci_oper_read off 0x0004, ret 0x00000008
usb_xhci_oper_read off 0x0004, ret 0x00000008
usb_xhci_runtime_read off 0x0038, ret 0x0673b480
usb_xhci_runtime_read off 0x003c, ret 0x00000000
usb_xhci_oper_read off 0x0004, ret 0x00000008
usb_xhci_oper_read off 0x0004, ret 0x00000008
usb_xhci_runtime_read off 0x0038, ret 0x0673b480
usb_xhci_runtime_read off 0x003c, ret 0x00000000
usb_xhci_oper_read off 0x0004, ret 0x00000008
usb_xhci_oper_read off 0x0004, ret 0x00000008
usb_xhci_runtime_read off 0x0038, ret 0x0673b480
usb_xhci_runtime_read off 0x003c, ret 0x00000000
usb_xhci_port_read port 1, off 0x0000, ret 0x000002a0
usb_xhci_port_read port 2, off 0x0000, ret 0x000002a0
usb_xhci_port_read port 3, off 0x0000, ret 0x000002a0
usb_xhci_port_read port 4, off 0x0000, ret 0x000002a0
usb_xhci_port_read port 5, off 0x0000, ret 0x00000e03
usb_xhci_cap_read off 0x0038, ret 0x00000401
usb_xhci_cap_read off 0x0028, ret 0x00000405
usb_xhci_port_read port 6, off 0x0000, ret 0x000002a0
usb_xhci_port_read port 7, off 0x0000, ret 0x000002a0
usb_xhci_port_read port 8, off 0x0000, ret 0x000002a0
usb_xhci_oper_read off 0x0004, ret 0x00000008
usb_xhci_oper_read off 0x0004, ret 0x00000008
usb_xhci_runtime_read off 0x0038, ret 0x0673b480
usb_xhci_runtime_read off 0x003c, ret 0x00000000
usb_xhci_oper_read off 0x0004, ret 0x00000008
usb_xhci_oper_read off 0x0004, ret 0x00000008
usb_xhci_runtime_read off 0x0038, ret 0x0673b480
usb_xhci_runtime_read off 0x003c, ret 0x00000000
usb_xhci_oper_read off 0x0000, ret 0x00000001
usb_xhci_oper_write off 0x0000, val 0x00000000
usb_xhci_stop 
usb_xhci_oper_read off 0x0004, ret 0x00000009
usb_xhci_cap_read off 0x0000, ret 0x01000040
usb_xhci_cap_read off 0x0004, ret 0x08001040
usb_xhci_cap_read off 0x0008, ret 0x0000000f
usb_xhci_cap_read off 0x000c, ret 0x00000000
usb_xhci_cap_read off 0x0010, ret 0x00087001
usb_xhci_cap_read off 0x0014, ret 0x00002000
usb_xhci_cap_read off 0x0018, ret 0x00001000
usb_xhci_unimplemented cap read (0x1c)
usb_xhci_cap_read off 0x001c, ret 0x00000000
usb_xhci_cap_read off 0x0000, ret 0x01000040
usb_xhci_cap_read off 0x0004, ret 0x08001040
usb_xhci_cap_read off 0x0008, ret 0x0000000f
usb_xhci_cap_read off 0x000c, ret 0x00000000
usb_xhci_cap_read off 0x0010, ret 0x00087001
usb_xhci_cap_read off 0x0014, ret 0x00002000
usb_xhci_cap_read off 0x0018, ret 0x00001000
usb_xhci_unimplemented cap read (0x1c)
usb_xhci_cap_read off 0x001c, ret 0x00000000
usb_xhci_oper_read off 0x0000, ret 0x00000000
usb_xhci_oper_read off 0x0004, ret 0x00000009
usb_xhci_oper_read off 0x0008, ret 0x00000001
usb_xhci_unimplemented oper read (0xc)
usb_xhci_oper_read off 0x000c, ret 0x00000000
usb_xhci_unimplemented oper read (0x10)
usb_xhci_oper_read off 0x0010, ret 0x00000000
usb_xhci_oper_read off 0x0014, ret 0x00000000
usb_xhci_oper_read off 0x0018, ret 0x0673a241
usb_xhci_oper_read off 0x001c, ret 0x00000000
usb_xhci_unimplemented oper read (0x20)
usb_xhci_oper_read off 0x0020, ret 0x00000000
usb_xhci_unimplemented oper read (0x24)
usb_xhci_oper_read off 0x0024, ret 0x00000000
usb_xhci_unimplemented oper read (0x28)
usb_xhci_oper_read off 0x0028, ret 0x00000000
usb_xhci_unimplemented oper read (0x2c)
usb_xhci_oper_read off 0x002c, ret 0x00000000
usb_xhci_oper_read off 0x0030, ret 0x0673a000
usb_xhci_oper_read off 0x0034, ret 0x00000000
usb_xhci_oper_read off 0x0038, ret 0x00000040
usb_xhci_unimplemented oper read (0x3c)
usb_xhci_oper_read off 0x003c, ret 0x00000000
usb_xhci_oper_write off 0x0000, val 0x00000000
usb_xhci_oper_write off 0x0004, val 0x00000009
usb_xhci_oper_write off 0x0008, val 0x00000001
usb_xhci_unimplemented oper write (0x8)
usb_xhci_oper_write off 0x000c, val 0x00000000
usb_xhci_unimplemented oper write (0xc)
usb_xhci_oper_write off 0x0010, val 0x00000000
usb_xhci_unimplemented oper write (0x10)
usb_xhci_oper_write off 0x0014, val 0x00000000
usb_xhci_oper_write off 0x0018, val 0x0673a241
usb_xhci_oper_write off 0x001c, val 0x00000000
usb_xhci_oper_write off 0x0020, val 0x00000000
usb_xhci_unimplemented oper write (0x20)
usb_xhci_oper_write off 0x0024, val 0x00000000
usb_xhci_unimplemented oper write (0x24)
usb_xhci_oper_write off 0x0028, val 0x00000000
usb_xhci_unimplemented oper write (0x28)
usb_xhci_oper_write off 0x002c, val 0x00000000
usb_xhci_unimplemented oper write (0x2c)
usb_xhci_oper_write off 0x0030, val 0x0673a000
usb_xhci_oper_write off 0x0034, val 0x00000000
usb_xhci_oper_write off 0x0038, val 0x00000040
usb_xhci_oper_write off 0x003c, val 0x00000000
usb_xhci_unimplemented oper write (0x3c)
usb_xhci_oper_read off 0x0000, ret 0x00000000
usb_xhci_oper_read off 0x0004, ret 0x00000001
usb_xhci_oper_read off 0x0008, ret 0x00000001
usb_xhci_unimplemented oper read (0xc)
usb_xhci_oper_read off 0x000c, ret 0x00000000
usb_xhci_unimplemented oper read (0x10)
usb_xhci_oper_read off 0x0010, ret 0x00000000
usb_xhci_oper_read off 0x0014, ret 0x00000000
usb_xhci_oper_read off 0x0018, ret 0x0673a241
usb_xhci_oper_read off 0x001c, ret 0x00000000
usb_xhci_unimplemented oper read (0x20)
usb_xhci_oper_read off 0x0020, ret 0x00000000
usb_xhci_unimplemented oper read (0x24)
usb_xhci_oper_read off 0x0024, ret 0x00000000
usb_xhci_unimplemented oper read (0x28)
usb_xhci_oper_read off 0x0028, ret 0x00000000
usb_xhci_unimplemented oper read (0x2c)
usb_xhci_oper_read off 0x002c, ret 0x00000000
usb_xhci_oper_read off 0x0030, ret 0x0673a000
usb_xhci_oper_read off 0x0034, ret 0x00000000
usb_xhci_oper_read off 0x0038, ret 0x00000040
usb_xhci_unimplemented oper read (0x3c)
usb_xhci_oper_read off 0x003c, ret 0x00000000
usb_xhci_oper_read off 0x0000, ret 0x00000000
usb_xhci_oper_read off 0x0004, ret 0x00000001
usb_xhci_oper_read off 0x0008, ret 0x00000001
usb_xhci_unimplemented oper read (0xc)
usb_xhci_oper_read off 0x000c, ret 0x00000000
usb_xhci_unimplemented oper read (0x10)
usb_xhci_oper_read off 0x0010, ret 0x00000000
usb_xhci_oper_read off 0x0014, ret 0x00000000
usb_xhci_oper_read off 0x0018, ret 0x0673a241
usb_xhci_oper_read off 0x001c, ret 0x00000000
usb_xhci_unimplemented oper read (0x20)
usb_xhci_oper_read off 0x0020, ret 0x00000000
usb_xhci_unimplemented oper read (0x24)
usb_xhci_oper_read off 0x0024, ret 0x00000000
usb_xhci_unimplemented oper read (0x28)
usb_xhci_oper_read off 0x0028, ret 0x00000000
usb_xhci_unimplemented oper read (0x2c)
usb_xhci_oper_read off 0x002c, ret 0x00000000
usb_xhci_oper_read off 0x0030, ret 0x0673a000
usb_xhci_oper_read off 0x0034, ret 0x00000000
usb_xhci_oper_read off 0x0038, ret 0x00000040
usb_xhci_unimplemented oper read (0x3c)
usb_xhci_oper_read off 0x003c, ret 0x00000000
usb_xhci_oper_write off 0x0000, val 0x00000002
usb_xhci_reset === RESET ===
usb_xhci_slot_disable slotid 1
usb_xhci_ep_disable slotid 1, epid 1
usb_xhci_ep_disable slotid 1, epid 3
usb_xhci_slot_disable slotid 2
usb_xhci_slot_disable slotid 3
usb_xhci_slot_disable slotid 4
usb_xhci_slot_disable slotid 5
usb_xhci_slot_disable slotid 6
usb_xhci_slot_disable slotid 7
usb_xhci_slot_disable slotid 8
usb_xhci_slot_disable slotid 9
usb_xhci_slot_disable slotid 10
usb_xhci_slot_disable slotid 11
usb_xhci_slot_disable slotid 12
usb_xhci_slot_disable slotid 13
usb_xhci_slot_disable slotid 14
usb_xhci_slot_disable slotid 15
usb_xhci_slot_disable slotid 16
usb_xhci_slot_disable slotid 17
usb_xhci_slot_disable slotid 18
usb_xhci_slot_disable slotid 19
usb_xhci_slot_disable slotid 20
usb_xhci_slot_disable slotid 21
usb_xhci_slot_disable slotid 22
usb_xhci_slot_disable slotid 23
usb_xhci_slot_disable slotid 24
usb_xhci_slot_disable slotid 25
usb_xhci_slot_disable slotid 26
usb_xhci_slot_disable slotid 27
usb_xhci_slot_disable slotid 28
usb_xhci_slot_disable slotid 29
usb_xhci_slot_disable slotid 30
usb_xhci_slot_disable slotid 31
usb_xhci_slot_disable slotid 32
usb_xhci_slot_disable slotid 33
usb_xhci_slot_disable slotid 34
usb_xhci_slot_disable slotid 35
usb_xhci_slot_disable slotid 36
usb_xhci_slot_disable slotid 37
usb_xhci_slot_disable slotid 38
usb_xhci_slot_disable slotid 39
usb_xhci_slot_disable slotid 40
usb_xhci_slot_disable slotid 41
usb_xhci_slot_disable slotid 42
usb_xhci_slot_disable slotid 43
usb_xhci_slot_disable slotid 44
usb_xhci_slot_disable slotid 45
usb_xhci_slot_disable slotid 46
usb_xhci_slot_disable slotid 47
usb_xhci_slot_disable slotid 48
usb_xhci_slot_disable slotid 49
usb_xhci_slot_disable slotid 50
usb_xhci_slot_disable slotid 51
usb_xhci_slot_disable slotid 52
usb_xhci_slot_disable slotid 53
usb_xhci_slot_disable slotid 54
usb_xhci_slot_disable slotid 55
usb_xhci_slot_disable slotid 56
usb_xhci_slot_disable slotid 57
usb_xhci_slot_disable slotid 58
usb_xhci_slot_disable slotid 59
usb_xhci_slot_disable slotid 60
usb_xhci_slot_disable slotid 61
usb_xhci_slot_disable slotid 62
usb_xhci_slot_disable slotid 63
usb_xhci_slot_disable slotid 64
usb_xhci_port_link port 1, pls 5
usb_xhci_port_notify port 1, bits 0x20000
usb_xhci_port_link port 2, pls 5
usb_xhci_port_notify port 2, bits 0x20000
usb_xhci_port_link port 3, pls 5
usb_xhci_port_notify port 3, bits 0x20000
usb_xhci_port_link port 4, pls 5
usb_xhci_port_notify port 4, bits 0x20000
usb_xhci_port_link port 5, pls 7
usb_xhci_port_notify port 5, bits 0x20000
usb_xhci_port_link port 6, pls 5
usb_xhci_port_notify port 6, bits 0x20000
usb_xhci_port_link port 7, pls 5
usb_xhci_port_notify port 7, bits 0x20000
usb_xhci_port_link port 8, pls 5
usb_xhci_port_notify port 8, bits 0x20000
usb_xhci_oper_write off 0x0004, val 0x00000001
usb_xhci_oper_write off 0x0008, val 0x00000001
usb_xhci_unimplemented oper write (0x8)
usb_xhci_oper_write off 0x000c, val 0x00000000
usb_xhci_unimplemented oper write (0xc)
usb_xhci_oper_write off 0x0010, val 0x00000000
usb_xhci_unimplemented oper write (0x10)
usb_xhci_oper_write off 0x0014, val 0x00000000
usb_xhci_oper_write off 0x0018, val 0x0673a241
usb_xhci_oper_write off 0x001c, val 0x00000000
usb_xhci_oper_write off 0x0020, val 0x00000000
usb_xhci_unimplemented oper write (0x20)
usb_xhci_oper_write off 0x0024, val 0x00000000
usb_xhci_unimplemented oper write (0x24)
usb_xhci_oper_write off 0x0028, val 0x00000000
usb_xhci_unimplemented oper write (0x28)
usb_xhci_oper_write off 0x002c, val 0x00000000
usb_xhci_unimplemented oper write (0x2c)
usb_xhci_oper_write off 0x0030, val 0x0673a000
usb_xhci_oper_write off 0x0034, val 0x00000000
usb_xhci_oper_write off 0x0038, val 0x00000040
usb_xhci_oper_write off 0x003c, val 0x00000000
usb_xhci_unimplemented oper write (0x3c)
usb_xhci_oper_read off 0x0000, ret 0x00000000
usb_xhci_oper_read off 0x0004, ret 0x00000001
usb_xhci_oper_read off 0x0008, ret 0x00000001
usb_xhci_unimplemented oper read (0xc)
usb_xhci_oper_read off 0x000c, ret 0x00000000
usb_xhci_unimplemented oper read (0x10)
usb_xhci_oper_read off 0x0010, ret 0x00000000
usb_xhci_oper_read off 0x0014, ret 0x00000000
usb_xhci_oper_read off 0x0018, ret 0x0673a241
usb_xhci_oper_read off 0x001c, ret 0x00000000
usb_xhci_unimplemented oper read (0x20)
usb_xhci_oper_read off 0x0020, ret 0x00000000
usb_xhci_unimplemented oper read (0x24)
usb_xhci_oper_read off 0x0024, ret 0x00000000
usb_xhci_unimplemented oper read (0x28)
usb_xhci_oper_read off 0x0028, ret 0x00000000
usb_xhci_unimplemented oper read (0x2c)
usb_xhci_oper_read off 0x002c, ret 0x00000000
usb_xhci_oper_read off 0x0030, ret 0x0673a000
usb_xhci_oper_read off 0x0034, ret 0x00000000
usb_xhci_oper_read off 0x0038, ret 0x00000040
usb_xhci_unimplemented oper read (0x3c)
usb_xhci_oper_read off 0x003c, ret 0x00000000
usb_xhci_oper_read off 0x0000, ret 0x00000000
usb_xhci_oper_read off 0x0004, ret 0x00000001
usb_xhci_oper_read off 0x0008, ret 0x00000001
usb_xhci_unimplemented oper read (0xc)
usb_xhci_oper_read off 0x000c, ret 0x00000000
usb_xhci_unimplemented oper read (0x10)
usb_xhci_oper_read off 0x0010, ret 0x00000000
usb_xhci_oper_read off 0x0014, ret 0x00000000
usb_xhci_oper_read off 0x0018, ret 0x0673a241
usb_xhci_oper_read off 0x001c, ret 0x00000000
usb_xhci_unimplemented oper read (0x20)
usb_xhci_oper_read off 0x0020, ret 0x00000000
usb_xhci_unimplemented oper read (0x24)
usb_xhci_oper_read off 0x0024, ret 0x00000000
usb_xhci_unimplemented oper read (0x28)
usb_xhci_oper_read off 0x0028, ret 0x00000000
usb_xhci_unimplemented oper read (0x2c)
usb_xhci_oper_read off 0x002c, ret 0x00000000
usb_xhci_oper_read off 0x0030, ret 0x0673a000
usb_xhci_oper_read off 0x0034, ret 0x00000000
usb_xhci_oper_read off 0x0038, ret 0x00000040
usb_xhci_unimplemented oper read (0x3c)
usb_xhci_oper_read off 0x003c, ret 0x00000000
usb_xhci_oper_read off 0x0000, ret 0x00000000
usb_xhci_oper_read off 0x0004, ret 0x00000001
usb_xhci_oper_read off 0x0008, ret 0x00000001
usb_xhci_unimplemented oper read (0xc)
usb_xhci_oper_read off 0x000c, ret 0x00000000
usb_xhci_unimplemented oper read (0x10)
usb_xhci_oper_read off 0x0010, ret 0x00000000
usb_xhci_oper_read off 0x0014, ret 0x00000000
usb_xhci_oper_read off 0x0018, ret 0x0673a241
usb_xhci_oper_read off 0x001c, ret 0x00000000
usb_xhci_unimplemented oper read (0x20)
usb_xhci_oper_read off 0x0020, ret 0x00000000
usb_xhci_unimplemented oper read (0x24)
usb_xhci_oper_read off 0x0024, ret 0x00000000
usb_xhci_unimplemented oper read (0x28)
usb_xhci_oper_read off 0x0028, ret 0x00000000
usb_xhci_unimplemented oper read (0x2c)
usb_xhci_oper_read off 0x002c, ret 0x00000000
usb_xhci_oper_read off 0x0030, ret 0x0673a000
usb_xhci_oper_read off 0x0034, ret 0x00000000
usb_xhci_oper_read off 0x0038, ret 0x00000040
usb_xhci_unimplemented oper read (0x3c)
usb_xhci_oper_read off 0x003c, ret 0x00000000
usb_xhci_oper_read off 0x0000, ret 0x00000000
usb_xhci_oper_read off 0x0004, ret 0x00000001
usb_xhci_oper_read off 0x0008, ret 0x00000001
usb_xhci_unimplemented oper read (0xc)
usb_xhci_oper_read off 0x000c, ret 0x00000000
usb_xhci_unimplemented oper read (0x10)
usb_xhci_oper_read off 0x0010, ret 0x00000000
usb_xhci_oper_read off 0x0014, ret 0x00000000
usb_xhci_oper_read off 0x0018, ret 0x0673a241
usb_xhci_oper_read off 0x001c, ret 0x00000000
usb_xhci_unimplemented oper read (0x20)
usb_xhci_oper_read off 0x0020, ret 0x00000000
usb_xhci_unimplemented oper read (0x24)
usb_xhci_oper_read off 0x0024, ret 0x00000000
usb_xhci_unimplemented oper read (0x28)
usb_xhci_oper_read off 0x0028, ret 0x00000000
usb_xhci_unimplemented oper read (0x2c)
usb_xhci_oper_read off 0x002c, ret 0x00000000
usb_xhci_oper_read off 0x0030, ret 0x0673a000
usb_xhci_oper_read off 0x0034, ret 0x00000000
usb_xhci_oper_read off 0x0038, ret 0x00000040
usb_xhci_unimplemented oper read (0x3c)
usb_xhci_oper_read off 0x003c, ret 0x00000000
usb_xhci_cap_read off 0x0000, ret 0x01000040
usb_xhci_cap_read off 0x0004, ret 0x08001040
usb_xhci_cap_read off 0x0008, ret 0x0000000f
usb_xhci_cap_read off 0x000c, ret 0x00000000
usb_xhci_cap_read off 0x0010, ret 0x00087001
usb_xhci_cap_read off 0x0014, ret 0x00002000
usb_xhci_cap_read off 0x0018, ret 0x00001000
usb_xhci_unimplemented cap read (0x1c)
usb_xhci_cap_read off 0x001c, ret 0x00000000
usb_xhci_oper_write off 0x0000, val 0x00000000
usb_xhci_oper_write off 0x0004, val 0x00000001
usb_xhci_oper_write off 0x0008, val 0x00000001
usb_xhci_unimplemented oper write (0x8)
usb_xhci_oper_write off 0x000c, val 0x00000000
usb_xhci_unimplemented oper write (0xc)
usb_xhci_oper_write off 0x0010, val 0x00000000
usb_xhci_unimplemented oper write (0x10)
usb_xhci_oper_write off 0x0014, val 0x0000ffff
usb_xhci_oper_write off 0x0018, val 0x0673a241
usb_xhci_oper_write off 0x001c, val 0x00000000
usb_xhci_oper_write off 0x0020, val 0x00000000
usb_xhci_unimplemented oper write (0x20)
usb_xhci_oper_write off 0x0024, val 0x00000000
usb_xhci_unimplemented oper write (0x24)
usb_xhci_oper_write off 0x0028, val 0x00000000
usb_xhci_unimplemented oper write (0x28)
usb_xhci_oper_write off 0x002c, val 0x00000000
usb_xhci_unimplemented oper write (0x2c)
usb_xhci_oper_write off 0x0030, val 0x00505000
usb_xhci_oper_write off 0x0034, val 0x00000000
usb_xhci_oper_write off 0x0038, val 0x00000040
usb_xhci_oper_write off 0x003c, val 0x00000000
usb_xhci_unimplemented oper write (0x3c)
usb_xhci_cap_read off 0x0000, ret 0x01000040
usb_xhci_cap_read off 0x0004, ret 0x08001040
usb_xhci_cap_read off 0x0008, ret 0x0000000f
usb_xhci_cap_read off 0x000c, ret 0x00000000
usb_xhci_cap_read off 0x0010, ret 0x00087001
usb_xhci_cap_read off 0x0014, ret 0x00002000
usb_xhci_cap_read off 0x0018, ret 0x00001000
usb_xhci_unimplemented cap read (0x1c)
usb_xhci_cap_read off 0x001c, ret 0x00000000
usb_xhci_cap_read off 0x0000, ret 0x01000040
usb_xhci_cap_read off 0x0004, ret 0x08001040
usb_xhci_cap_read off 0x0008, ret 0x0000000f
usb_xhci_cap_read off 0x000c, ret 0x00000000
usb_xhci_cap_read off 0x0010, ret 0x00087001
usb_xhci_cap_read off 0x0014, ret 0x00002000
usb_xhci_cap_read off 0x0018, ret 0x00001000
usb_xhci_unimplemented cap read (0x1c)
usb_xhci_cap_read off 0x001c, ret 0x00000000
usb_xhci_oper_read off 0x0000, ret 0x00000000
usb_xhci_oper_read off 0x0004, ret 0x00000001
usb_xhci_oper_read off 0x0008, ret 0x00000001
usb_xhci_unimplemented oper read (0xc)
usb_xhci_oper_read off 0x000c, ret 0x00000000
usb_xhci_unimplemented oper read (0x10)
usb_xhci_oper_read off 0x0010, ret 0x00000000
usb_xhci_oper_read off 0x0014, ret 0x0000ffff
usb_xhci_oper_read off 0x0018, ret 0x0673a241
usb_xhci_oper_read off 0x001c, ret 0x00000000
usb_xhci_unimplemented oper read (0x20)
usb_xhci_oper_read off 0x0020, ret 0x00000000
usb_xhci_unimplemented oper read (0x24)
usb_xhci_oper_read off 0x0024, ret 0x00000000
usb_xhci_unimplemented oper read (0x28)
usb_xhci_oper_read off 0x0028, ret 0x00000000
usb_xhci_unimplemented oper read (0x2c)
usb_xhci_oper_read off 0x002c, ret 0x00000000
usb_xhci_oper_read off 0x0030, ret 0x00505000
usb_xhci_oper_read off 0x0034, ret 0x00000000
usb_xhci_oper_read off 0x0038, ret 0x00000040
usb_xhci_unimplemented oper read (0x3c)
usb_xhci_oper_read off 0x003c, ret 0x00000000
usb_xhci_oper_write off 0x0000, val 0x00000000
usb_xhci_oper_write off 0x0004, val 0x00000001
usb_xhci_oper_write off 0x0008, val 0x00000001
usb_xhci_unimplemented oper write (0x8)
usb_xhci_oper_write off 0x000c, val 0x00000000
usb_xhci_unimplemented oper write (0xc)
usb_xhci_oper_write off 0x0010, val 0x00000000
usb_xhci_unimplemented oper write (0x10)
usb_xhci_oper_write off 0x0014, val 0x0000ffff
usb_xhci_oper_write off 0x0018, val 0x00506001
usb_xhci_oper_write off 0x001c, val 0x00000000
usb_xhci_oper_write off 0x0020, val 0x00000000
usb_xhci_unimplemented oper write (0x20)
usb_xhci_oper_write off 0x0024, val 0x00000000
usb_xhci_unimplemented oper write (0x24)
usb_xhci_oper_write off 0x0028, val 0x00000000
usb_xhci_unimplemented oper write (0x28)
usb_xhci_oper_write off 0x002c, val 0x00000000
usb_xhci_unimplemented oper write (0x2c)
usb_xhci_oper_write off 0x0030, val 0x00505000
usb_xhci_oper_write off 0x0034, val 0x00000000
usb_xhci_oper_write off 0x0038, val 0x00000040
usb_xhci_oper_write off 0x003c, val 0x00000000
usb_xhci_unimplemented oper write (0x3c)
usb_xhci_oper_read off 0x0000, ret 0x00000000
usb_xhci_oper_read off 0x0004, ret 0x00000001
usb_xhci_oper_read off 0x0008, ret 0x00000001
usb_xhci_unimplemented oper read (0xc)
usb_xhci_oper_read off 0x000c, ret 0x00000000
usb_xhci_unimplemented oper read (0x10)
usb_xhci_oper_read off 0x0010, ret 0x00000000
usb_xhci_oper_read off 0x0014, ret 0x0000ffff
usb_xhci_oper_read off 0x0018, ret 0x00506001
usb_xhci_oper_read off 0x001c, ret 0x00000000
usb_xhci_unimplemented oper read (0x20)
usb_xhci_oper_read off 0x0020, ret 0x00000000
usb_xhci_unimplemented oper read (0x24)
usb_xhci_oper_read off 0x0024, ret 0x00000000
usb_xhci_unimplemented oper read (0x28)
usb_xhci_oper_read off 0x0028, ret 0x00000000
usb_xhci_unimplemented oper read (0x2c)
usb_xhci_oper_read off 0x002c, ret 0x00000000
usb_xhci_oper_read off 0x0030, ret 0x00505000
usb_xhci_oper_read off 0x0034, ret 0x00000000
usb_xhci_oper_read off 0x0038, ret 0x00000040
usb_xhci_unimplemented oper read (0x3c)
usb_xhci_oper_read off 0x003c, ret 0x00000000
usb_xhci_runtime_read off 0x0000, ret 0x000001f8
usb_xhci_unimplemented runtime read (0x4)
usb_xhci_runtime_read off 0x0004, ret 0x00000000
usb_xhci_unimplemented runtime read (0x8)
usb_xhci_runtime_read off 0x0008, ret 0x00000000
usb_xhci_unimplemented runtime read (0xc)
usb_xhci_runtime_read off 0x000c, ret 0x00000000
usb_xhci_unimplemented runtime read (0x10)
usb_xhci_runtime_read off 0x0010, ret 0x00000000
usb_xhci_unimplemented runtime read (0x14)
usb_xhci_runtime_read off 0x0014, ret 0x00000000
usb_xhci_unimplemented runtime read (0x18)
usb_xhci_runtime_read off 0x0018, ret 0x00000000
usb_xhci_unimplemented runtime read (0x1c)
usb_xhci_runtime_read off 0x001c, ret 0x00000000
usb_xhci_runtime_read off 0x0020, ret 0x00000000
usb_xhci_runtime_read off 0x0024, ret 0x00000000
usb_xhci_runtime_read off 0x0028, ret 0x00000000
usb_xhci_runtime_read off 0x002c, ret 0x00000000
usb_xhci_runtime_read off 0x0030, ret 0x00000000
usb_xhci_runtime_read off 0x0034, ret 0x00000000
usb_xhci_runtime_read off 0x0038, ret 0x00000000
usb_xhci_runtime_read off 0x003c, ret 0x00000000
usb_xhci_runtime_write off 0x0000, val 0x000001f8
usb_xhci_unimplemented runtime write (0x0)
usb_xhci_runtime_write off 0x0004, val 0x00000000
usb_xhci_unimplemented runtime write (0x4)
usb_xhci_runtime_write off 0x0008, val 0x00000000
usb_xhci_unimplemented runtime write (0x8)
usb_xhci_runtime_write off 0x000c, val 0x00000000
usb_xhci_unimplemented runtime write (0xc)
usb_xhci_runtime_write off 0x0010, val 0x00000000
usb_xhci_unimplemented runtime write (0x10)
usb_xhci_runtime_write off 0x0014, val 0x00000000
usb_xhci_unimplemented runtime write (0x14)
usb_xhci_runtime_write off 0x0018, val 0x00000000
usb_xhci_unimplemented runtime write (0x18)
usb_xhci_runtime_write off 0x001c, val 0x00000000
usb_xhci_unimplemented runtime write (0x1c)
usb_xhci_runtime_write off 0x0020, val 0x00000002
usb_xhci_runtime_write off 0x0024, val 0x00000000
usb_xhci_runtime_write off 0x0028, val 0x00000000
usb_xhci_runtime_write off 0x002c, val 0x00000000
usb_xhci_unimplemented oper write (0x2c)
usb_xhci_runtime_write off 0x0030, val 0x00000000
usb_xhci_runtime_write off 0x0034, val 0x00000000
usb_xhci_runtime_write off 0x0038, val 0x00000000
usb_xhci_runtime_write off 0x003c, val 0x00000000
usb_xhci_oper_read off 0x0000, ret 0x00000000
usb_xhci_oper_read off 0x0004, ret 0x00000001
usb_xhci_oper_read off 0x0008, ret 0x00000001
usb_xhci_unimplemented oper read (0xc)
usb_xhci_oper_read off 0x000c, ret 0x00000000
usb_xhci_unimplemented oper read (0x10)
usb_xhci_oper_read off 0x0010, ret 0x00000000
usb_xhci_oper_read off 0x0014, ret 0x0000ffff
usb_xhci_oper_read off 0x0018, ret 0x00506001
usb_xhci_oper_read off 0x001c, ret 0x00000000
usb_xhci_unimplemented oper read (0x20)
usb_xhci_oper_read off 0x0020, ret 0x00000000
usb_xhci_unimplemented oper read (0x24)
usb_xhci_oper_read off 0x0024, ret 0x00000000
usb_xhci_unimplemented oper read (0x28)
usb_xhci_oper_read off 0x0028, ret 0x00000000
usb_xhci_unimplemented oper read (0x2c)
usb_xhci_oper_read off 0x002c, ret 0x00000000
usb_xhci_oper_read off 0x0030, ret 0x00505000
usb_xhci_oper_read off 0x0034, ret 0x00000000
usb_xhci_oper_read off 0x0038, ret 0x00000040
usb_xhci_unimplemented oper read (0x3c)
usb_xhci_oper_read off 0x003c, ret 0x00000000
usb_xhci_oper_write off 0x0000, val 0x00000000
usb_xhci_oper_write off 0x0004, val 0x00000009
usb_xhci_oper_write off 0x0008, val 0x00000001
usb_xhci_unimplemented oper write (0x8)
usb_xhci_oper_write off 0x000c, val 0x00000000
usb_xhci_unimplemented oper write (0xc)
usb_xhci_oper_write off 0x0010, val 0x00000000
usb_xhci_unimplemented oper write (0x10)
usb_xhci_oper_write off 0x0014, val 0x0000ffff
usb_xhci_oper_write off 0x0018, val 0x00506001
usb_xhci_oper_write off 0x001c, val 0x00000000
usb_xhci_oper_write off 0x0020, val 0x00000000
usb_xhci_unimplemented oper write (0x20)
usb_xhci_oper_write off 0x0024, val 0x00000000
usb_xhci_unimplemented oper write (0x24)
usb_xhci_oper_write off 0x0028, val 0x00000000
usb_xhci_unimplemented oper write (0x28)
usb_xhci_oper_write off 0x002c, val 0x00000000
usb_xhci_unimplemented oper write (0x2c)
usb_xhci_oper_write off 0x0030, val 0x00505000
usb_xhci_oper_write off 0x0034, val 0x00000000
usb_xhci_oper_write off 0x0038, val 0x00000040
usb_xhci_oper_write off 0x003c, val 0x00000000
usb_xhci_unimplemented oper write (0x3c)
usb_xhci_runtime_read off 0x0000, ret 0x00000239
usb_xhci_unimplemented runtime read (0x4)
usb_xhci_runtime_read off 0x0004, ret 0x00000000
usb_xhci_unimplemented runtime read (0x8)
usb_xhci_runtime_read off 0x0008, ret 0x00000000
usb_xhci_unimplemented runtime read (0xc)
usb_xhci_runtime_read off 0x000c, ret 0x00000000
usb_xhci_unimplemented runtime read (0x10)
usb_xhci_runtime_read off 0x0010, ret 0x00000000
usb_xhci_unimplemented runtime read (0x14)
usb_xhci_runtime_read off 0x0014, ret 0x00000000
usb_xhci_unimplemented runtime read (0x18)
usb_xhci_runtime_read off 0x0018, ret 0x00000000
usb_xhci_unimplemented runtime read (0x1c)
usb_xhci_runtime_read off 0x001c, ret 0x00000000
usb_xhci_runtime_read off 0x0020, ret 0x00000002
usb_xhci_runtime_read off 0x0024, ret 0x00000000
usb_xhci_runtime_read off 0x0028, ret 0x00000000
usb_xhci_runtime_read off 0x002c, ret 0x00000000
usb_xhci_runtime_read off 0x0030, ret 0x00000000
usb_xhci_runtime_read off 0x0034, ret 0x00000000
usb_xhci_runtime_read off 0x0038, ret 0x00000000
usb_xhci_runtime_read off 0x003c, ret 0x00000000
usb_xhci_runtime_write off 0x0000, val 0x00000239
usb_xhci_unimplemented runtime write (0x0)
usb_xhci_runtime_write off 0x0004, val 0x00000000
usb_xhci_unimplemented runtime write (0x4)
usb_xhci_runtime_write off 0x0008, val 0x00000000
usb_xhci_unimplemented runtime write (0x8)
usb_xhci_runtime_write off 0x000c, val 0x00000000
usb_xhci_unimplemented runtime write (0xc)
usb_xhci_runtime_write off 0x0010, val 0x00000000
usb_xhci_unimplemented runtime write (0x10)
usb_xhci_runtime_write off 0x0014, val 0x00000000
usb_xhci_unimplemented runtime write (0x14)
usb_xhci_runtime_write off 0x0018, val 0x00000000
usb_xhci_unimplemented runtime write (0x18)
usb_xhci_runtime_write off 0x001c, val 0x00000000
usb_xhci_unimplemented runtime write (0x1c)
usb_xhci_runtime_write off 0x0020, val 0x00000003
usb_xhci_runtime_write off 0x0024, val 0x00000000
usb_xhci_runtime_write off 0x0028, val 0x00000000
usb_xhci_runtime_write off 0x002c, val 0x00000000
usb_xhci_unimplemented oper write (0x2c)
usb_xhci_runtime_write off 0x0030, val 0x00000000
usb_xhci_runtime_write off 0x0034, val 0x00000000
usb_xhci_runtime_write off 0x0038, val 0x00000000
usb_xhci_runtime_write off 0x003c, val 0x00000000
usb_xhci_runtime_read off 0x0000, ret 0x00000245
usb_xhci_unimplemented runtime read (0x4)
usb_xhci_runtime_read off 0x0004, ret 0x00000000
usb_xhci_unimplemented runtime read (0x8)
usb_xhci_runtime_read off 0x0008, ret 0x00000000
usb_xhci_unimplemented runtime read (0xc)
usb_xhci_runtime_read off 0x000c, ret 0x00000000
usb_xhci_unimplemented runtime read (0x10)
usb_xhci_runtime_read off 0x0010, ret 0x00000000
usb_xhci_unimplemented runtime read (0x14)
usb_xhci_runtime_read off 0x0014, ret 0x00000000
usb_xhci_unimplemented runtime read (0x18)
usb_xhci_runtime_read off 0x0018, ret 0x00000000
usb_xhci_unimplemented runtime read (0x1c)
usb_xhci_runtime_read off 0x001c, ret 0x00000000
usb_xhci_runtime_read off 0x0020, ret 0x00000002
usb_xhci_runtime_read off 0x0024, ret 0x00000000
usb_xhci_runtime_read off 0x0028, ret 0x00000000
usb_xhci_runtime_read off 0x002c, ret 0x00000000
usb_xhci_runtime_read off 0x0030, ret 0x00000000
usb_xhci_runtime_read off 0x0034, ret 0x00000000
usb_xhci_runtime_read off 0x0038, ret 0x00000000
usb_xhci_runtime_read off 0x003c, ret 0x00000000
usb_xhci_runtime_write off 0x0000, val 0x00000245
usb_xhci_unimplemented runtime write (0x0)
usb_xhci_runtime_write off 0x0004, val 0x00000000
usb_xhci_unimplemented runtime write (0x4)
usb_xhci_runtime_write off 0x0008, val 0x00000000
usb_xhci_unimplemented runtime write (0x8)
usb_xhci_runtime_write off 0x000c, val 0x00000000
usb_xhci_unimplemented runtime write (0xc)
usb_xhci_runtime_write off 0x0010, val 0x00000000
usb_xhci_unimplemented runtime write (0x10)
usb_xhci_runtime_write off 0x0014, val 0x00000000
usb_xhci_unimplemented runtime write (0x14)
usb_xhci_runtime_write off 0x0018, val 0x00000000
usb_xhci_unimplemented runtime write (0x18)
usb_xhci_runtime_write off 0x001c, val 0x00000000
usb_xhci_unimplemented runtime write (0x1c)
usb_xhci_runtime_write off 0x0020, val 0x00000002
usb_xhci_runtime_write off 0x0024, val 0x00000000
usb_xhci_runtime_write off 0x0028, val 0x00000001
usb_xhci_runtime_write off 0x002c, val 0x00000000
usb_xhci_unimplemented oper write (0x2c)
usb_xhci_runtime_write off 0x0030, val 0x00517240
usb_xhci_runtime_write off 0x0034, val 0x00000000
usb_xhci_runtime_write off 0x0038, val 0x00516a48
usb_xhci_runtime_write off 0x003c, val 0x00000000
usb_xhci_oper_read off 0x0000, ret 0x00000000
usb_xhci_oper_read off 0x0004, ret 0x00000001
usb_xhci_oper_read off 0x0008, ret 0x00000001
usb_xhci_unimplemented oper read (0xc)
usb_xhci_oper_read off 0x000c, ret 0x00000000
usb_xhci_unimplemented oper read (0x10)
usb_xhci_oper_read off 0x0010, ret 0x00000000
usb_xhci_oper_read off 0x0014, ret 0x0000ffff
usb_xhci_oper_read off 0x0018, ret 0x00506001
usb_xhci_oper_read off 0x001c, ret 0x00000000
usb_xhci_unimplemented oper read (0x20)
usb_xhci_oper_read off 0x0020, ret 0x00000000
usb_xhci_unimplemented oper read (0x24)
usb_xhci_oper_read off 0x0024, ret 0x00000000
usb_xhci_unimplemented oper read (0x28)
usb_xhci_oper_read off 0x0028, ret 0x00000000
usb_xhci_unimplemented oper read (0x2c)
usb_xhci_oper_read off 0x002c, ret 0x00000000
usb_xhci_oper_read off 0x0030, ret 0x00505000
usb_xhci_oper_read off 0x0034, ret 0x00000000
usb_xhci_oper_read off 0x0038, ret 0x00000040
usb_xhci_unimplemented oper read (0x3c)
usb_xhci_oper_read off 0x003c, ret 0x00000000
usb_xhci_runtime_read off 0x0000, ret 0x0000027c
usb_xhci_unimplemented runtime read (0x4)
usb_xhci_runtime_read off 0x0004, ret 0x00000000
usb_xhci_unimplemented runtime read (0x8)
usb_xhci_runtime_read off 0x0008, ret 0x00000000
usb_xhci_unimplemented runtime read (0xc)
usb_xhci_runtime_read off 0x000c, ret 0x00000000
usb_xhci_unimplemented runtime read (0x10)
usb_xhci_runtime_read off 0x0010, ret 0x00000000
usb_xhci_unimplemented runtime read (0x14)
usb_xhci_runtime_read off 0x0014, ret 0x00000000
usb_xhci_unimplemented runtime read (0x18)
usb_xhci_runtime_read off 0x0018, ret 0x00000000
usb_xhci_unimplemented runtime read (0x1c)
usb_xhci_runtime_read off 0x001c, ret 0x00000000
usb_xhci_runtime_read off 0x0020, ret 0x00000002
usb_xhci_runtime_read off 0x0024, ret 0x00000000
usb_xhci_runtime_read off 0x0028, ret 0x00000001
usb_xhci_runtime_read off 0x002c, ret 0x00000000
usb_xhci_runtime_read off 0x0030, ret 0x00517240
usb_xhci_runtime_read off 0x0034, ret 0x00000000
usb_xhci_runtime_read off 0x0038, ret 0x00516a40
usb_xhci_runtime_read off 0x003c, ret 0x00000000
usb_xhci_oper_read off 0x0000, ret 0x00000000
usb_xhci_oper_read off 0x0004, ret 0x00000001
usb_xhci_oper_read off 0x0008, ret 0x00000001
usb_xhci_unimplemented oper read (0xc)
usb_xhci_oper_read off 0x000c, ret 0x00000000
usb_xhci_unimplemented oper read (0x10)
usb_xhci_oper_read off 0x0010, ret 0x00000000
usb_xhci_oper_read off 0x0014, ret 0x0000ffff
usb_xhci_oper_read off 0x0018, ret 0x00506001
usb_xhci_oper_read off 0x001c, ret 0x00000000
usb_xhci_unimplemented oper read (0x20)
usb_xhci_oper_read off 0x0020, ret 0x00000000
usb_xhci_unimplemented oper read (0x24)
usb_xhci_oper_read off 0x0024, ret 0x00000000
usb_xhci_unimplemented oper read (0x28)
usb_xhci_oper_read off 0x0028, ret 0x00000000
usb_xhci_unimplemented oper read (0x2c)
usb_xhci_oper_read off 0x002c, ret 0x00000000
usb_xhci_oper_read off 0x0030, ret 0x00505000
usb_xhci_oper_read off 0x0034, ret 0x00000000
usb_xhci_oper_read off 0x0038, ret 0x00000040
usb_xhci_unimplemented oper read (0x3c)
usb_xhci_oper_read off 0x003c, ret 0x00000000
usb_xhci_oper_write off 0x0000, val 0x00000005
usb_xhci_run 
usb_xhci_oper_write off 0x0004, val 0x00000001
usb_xhci_oper_write off 0x0008, val 0x00000001
usb_xhci_unimplemented oper write (0x8)
usb_xhci_oper_write off 0x000c, val 0x00000000
usb_xhci_unimplemented oper write (0xc)
usb_xhci_oper_write off 0x0010, val 0x00000000
usb_xhci_unimplemented oper write (0x10)
usb_xhci_oper_write off 0x0014, val 0x0000ffff
usb_xhci_oper_write off 0x0018, val 0x00506001
usb_xhci_oper_write off 0x001c, val 0x00000000
usb_xhci_oper_write off 0x0020, val 0x00000000
usb_xhci_unimplemented oper write (0x20)
usb_xhci_oper_write off 0x0024, val 0x00000000
usb_xhci_unimplemented oper write (0x24)
usb_xhci_oper_write off 0x0028, val 0x00000000
usb_xhci_unimplemented oper write (0x28)
usb_xhci_oper_write off 0x002c, val 0x00000000
usb_xhci_unimplemented oper write (0x2c)
usb_xhci_oper_write off 0x0030, val 0x00505000
usb_xhci_oper_write off 0x0034, val 0x00000000
usb_xhci_oper_write off 0x0038, val 0x00000040
usb_xhci_oper_write off 0x003c, val 0x00000000
usb_xhci_unimplemented oper write (0x3c)
usb_xhci_oper_read off 0x0000, ret 0x00000005
usb_xhci_oper_read off 0x0004, ret 0x00000000
usb_xhci_oper_read off 0x0008, ret 0x00000001
usb_xhci_unimplemented oper read (0xc)
usb_xhci_oper_read off 0x000c, ret 0x00000000
usb_xhci_unimplemented oper read (0x10)
usb_xhci_oper_read off 0x0010, ret 0x00000000
usb_xhci_oper_read off 0x0014, ret 0x0000ffff
usb_xhci_oper_read off 0x0018, ret 0x00506001
usb_xhci_oper_read off 0x001c, ret 0x00000000
usb_xhci_unimplemented oper read (0x20)
usb_xhci_oper_read off 0x0020, ret 0x00000000
usb_xhci_unimplemented oper read (0x24)
usb_xhci_oper_read off 0x0024, ret 0x00000000
usb_xhci_unimplemented oper read (0x28)
usb_xhci_oper_read off 0x0028, ret 0x00000000
usb_xhci_unimplemented oper read (0x2c)
usb_xhci_oper_read off 0x002c, ret 0x00000000
usb_xhci_oper_read off 0x0030, ret 0x00505000
usb_xhci_oper_read off 0x0034, ret 0x00000000
usb_xhci_oper_read off 0x0038, ret 0x00000040
usb_xhci_unimplemented oper read (0x3c)
usb_xhci_oper_read off 0x003c, ret 0x00000000
usb_xhci_oper_read off 0x0000, ret 0x00000005
usb_xhci_oper_read off 0x0004, ret 0x00000000
usb_xhci_oper_read off 0x0008, ret 0x00000001
usb_xhci_unimplemented oper read (0xc)
usb_xhci_oper_read off 0x000c, ret 0x00000000
usb_xhci_unimplemented oper read (0x10)
usb_xhci_oper_read off 0x0010, ret 0x00000000
usb_xhci_oper_read off 0x0014, ret 0x0000ffff
usb_xhci_oper_read off 0x0018, ret 0x00506001
usb_xhci_oper_read off 0x001c, ret 0x00000000
usb_xhci_unimplemented oper read (0x20)
usb_xhci_oper_read off 0x0020, ret 0x00000000
usb_xhci_unimplemented oper read (0x24)
usb_xhci_oper_read off 0x0024, ret 0x00000000
usb_xhci_unimplemented oper read (0x28)
usb_xhci_oper_read off 0x0028, ret 0x00000000
usb_xhci_unimplemented oper read (0x2c)
usb_xhci_oper_read off 0x002c, ret 0x00000000
usb_xhci_oper_read off 0x0030, ret 0x00505000
usb_xhci_oper_read off 0x0034, ret 0x00000000
usb_xhci_oper_read off 0x0038, ret 0x00000040
usb_xhci_unimplemented oper read (0x3c)
usb_xhci_oper_read off 0x003c, ret 0x00000000
usb_xhci_oper_read off 0x0000, ret 0x00000005
usb_xhci_oper_read off 0x0004, ret 0x00000000
usb_xhci_oper_read off 0x0008, ret 0x00000001
usb_xhci_unimplemented oper read (0xc)
usb_xhci_oper_read off 0x000c, ret 0x00000000
usb_xhci_unimplemented oper read (0x10)
usb_xhci_oper_read off 0x0010, ret 0x00000000
usb_xhci_oper_read off 0x0014, ret 0x0000ffff
usb_xhci_oper_read off 0x0018, ret 0x00506001
usb_xhci_oper_read off 0x001c, ret 0x00000000
usb_xhci_unimplemented oper read (0x20)
usb_xhci_oper_read off 0x0020, ret 0x00000000
usb_xhci_unimplemented oper read (0x24)
usb_xhci_oper_read off 0x0024, ret 0x00000000
usb_xhci_unimplemented oper read (0x28)
usb_xhci_oper_read off 0x0028, ret 0x00000000
usb_xhci_unimplemented oper read (0x2c)
usb_xhci_oper_read off 0x002c, ret 0x00000000
usb_xhci_oper_read off 0x0030, ret 0x00505000
usb_xhci_oper_read off 0x0034, ret 0x00000000
usb_xhci_oper_read off 0x0038, ret 0x00000040
usb_xhci_unimplemented oper read (0x3c)
usb_xhci_oper_read off 0x003c, ret 0x00000000
usb_xhci_cap_read off 0x0000, ret 0x01000040
usb_xhci_cap_read off 0x0004, ret 0x08001040
usb_xhci_cap_read off 0x0008, ret 0x0000000f
usb_xhci_cap_read off 0x000c, ret 0x00000000
usb_xhci_cap_read off 0x0010, ret 0x00087001
usb_xhci_cap_read off 0x0014, ret 0x00002000
usb_xhci_cap_read off 0x0018, ret 0x00001000
usb_xhci_unimplemented cap read (0x1c)
usb_xhci_cap_read off 0x001c, ret 0x00000000
usb_xhci_port_read port 1, off 0x0000, ret 0x000202a0
usb_xhci_port_read port 1, off 0x0004, ret 0x00000000
usb_xhci_port_read port 1, off 0x0008, ret 0x00000000
usb_xhci_port_read port 1, off 0x000c, ret 0x00000000
usb_xhci_cap_read off 0x0000, ret 0x01000040
usb_xhci_cap_read off 0x0004, ret 0x08001040
usb_xhci_cap_read off 0x0008, ret 0x0000000f
usb_xhci_cap_read off 0x000c, ret 0x00000000
usb_xhci_cap_read off 0x0010, ret 0x00087001
usb_xhci_cap_read off 0x0014, ret 0x00002000
usb_xhci_cap_read off 0x0018, ret 0x00001000
usb_xhci_unimplemented cap read (0x1c)
usb_xhci_cap_read off 0x001c, ret 0x00000000
usb_xhci_port_read port 2, off 0x0000, ret 0x000202a0
usb_xhci_port_read port 2, off 0x0004, ret 0x00000000
usb_xhci_port_read port 2, off 0x0008, ret 0x00000000
usb_xhci_port_read port 2, off 0x000c, ret 0x00000000
usb_xhci_cap_read off 0x0000, ret 0x01000040
usb_xhci_cap_read off 0x0004, ret 0x08001040
usb_xhci_cap_read off 0x0008, ret 0x0000000f
usb_xhci_cap_read off 0x000c, ret 0x00000000
usb_xhci_cap_read off 0x0010, ret 0x00087001
usb_xhci_cap_read off 0x0014, ret 0x00002000
usb_xhci_cap_read off 0x0018, ret 0x00001000
usb_xhci_unimplemented cap read (0x1c)
usb_xhci_cap_read off 0x001c, ret 0x00000000
usb_xhci_port_read port 3, off 0x0000, ret 0x000202a0
usb_xhci_port_read port 3, off 0x0004, ret 0x00000000
usb_xhci_port_read port 3, off 0x0008, ret 0x00000000
usb_xhci_port_read port 3, off 0x000c, ret 0x00000000
usb_xhci_cap_read off 0x0000, ret 0x01000040
usb_xhci_cap_read off 0x0004, ret 0x08001040
usb_xhci_cap_read off 0x0008, ret 0x0000000f
usb_xhci_cap_read off 0x000c, ret 0x00000000
usb_xhci_cap_read off 0x0010, ret 0x00087001
usb_xhci_cap_read off 0x0014, ret 0x00002000
usb_xhci_cap_read off 0x0018, ret 0x00001000
usb_xhci_unimplemented cap read (0x1c)
usb_xhci_cap_read off 0x001c, ret 0x00000000
usb_xhci_port_read port 4, off 0x0000, ret 0x000202a0
usb_xhci_port_read port 4, off 0x0004, ret 0x00000000
usb_xhci_port_read port 4, off 0x0008, ret 0x00000000
usb_xhci_port_read port 4, off 0x000c, ret 0x00000000
usb_xhci_cap_read off 0x0000, ret 0x01000040
usb_xhci_cap_read off 0x0004, ret 0x08001040
usb_xhci_cap_read off 0x0008, ret 0x0000000f
usb_xhci_cap_read off 0x000c, ret 0x00000000
usb_xhci_cap_read off 0x0010, ret 0x00087001
usb_xhci_cap_read off 0x0014, ret 0x00002000
usb_xhci_cap_read off 0x0018, ret 0x00001000
usb_xhci_unimplemented cap read (0x1c)
usb_xhci_cap_read off 0x001c, ret 0x00000000
usb_xhci_port_read port 5, off 0x0000, ret 0x00020ee1
usb_xhci_port_read port 5, off 0x0004, ret 0x00000000
usb_xhci_port_read port 5, off 0x0008, ret 0x00000000
usb_xhci_port_read port 5, off 0x000c, ret 0x00000000
usb_xhci_cap_read off 0x0000, ret 0x01000040
usb_xhci_cap_read off 0x0004, ret 0x08001040
usb_xhci_cap_read off 0x0008, ret 0x0000000f
usb_xhci_cap_read off 0x000c, ret 0x00000000
usb_xhci_cap_read off 0x0010, ret 0x00087001
usb_xhci_cap_read off 0x0014, ret 0x00002000
usb_xhci_cap_read off 0x0018, ret 0x00001000
usb_xhci_unimplemented cap read (0x1c)
usb_xhci_cap_read off 0x001c, ret 0x00000000
usb_xhci_port_read port 6, off 0x0000, ret 0x000202a0
usb_xhci_port_read port 6, off 0x0004, ret 0x00000000
usb_xhci_port_read port 6, off 0x0008, ret 0x00000000
usb_xhci_port_read port 6, off 0x000c, ret 0x00000000
usb_xhci_cap_read off 0x0000, ret 0x01000040
usb_xhci_cap_read off 0x0004, ret 0x08001040
usb_xhci_cap_read off 0x0008, ret 0x0000000f
usb_xhci_cap_read off 0x000c, ret 0x00000000
usb_xhci_cap_read off 0x0010, ret 0x00087001
usb_xhci_cap_read off 0x0014, ret 0x00002000
usb_xhci_cap_read off 0x0018, ret 0x00001000
usb_xhci_unimplemented cap read (0x1c)
usb_xhci_cap_read off 0x001c, ret 0x00000000
usb_xhci_port_read port 7, off 0x0000, ret 0x000202a0
usb_xhci_port_read port 7, off 0x0004, ret 0x00000000
usb_xhci_port_read port 7, off 0x0008, ret 0x00000000
usb_xhci_port_read port 7, off 0x000c, ret 0x00000000
usb_xhci_cap_read off 0x0000, ret 0x01000040
usb_xhci_cap_read off 0x0004, ret 0x08001040
usb_xhci_cap_read off 0x0008, ret 0x0000000f
usb_xhci_cap_read off 0x000c, ret 0x00000000
usb_xhci_cap_read off 0x0010, ret 0x00087001
usb_xhci_cap_read off 0x0014, ret 0x00002000
usb_xhci_cap_read off 0x0018, ret 0x00001000
usb_xhci_unimplemented cap read (0x1c)
usb_xhci_cap_read off 0x001c, ret 0x00000000
usb_xhci_port_read port 8, off 0x0000, ret 0x000202a0
usb_xhci_port_read port 8, off 0x0004, ret 0x00000000
usb_xhci_port_read port 8, off 0x0008, ret 0x00000000
usb_xhci_port_read port 8, off 0x000c, ret 0x00000000
