[2J[01;01H[=3h[2J[01;01H[2J[01;01H[8;042;160t0[2J[01;01H[2J[01;01H[8;056;240t0[2J[01;01HBdsDxe: loading Boot0002 "UEFI QEMU QEMU USB HARDDRIVE 1-0000:00:03.0-1" from PciRoot(0x0)/Pci(0x3,0x0)/USB(0x0,0x0)
BdsDxe: starting Boot0002 "UEFI QEMU QEMU USB HARDDRIVE 1-0000:00:03.0-1" from PciRoot(0x0)/Pci(0x3,0x0)/USB(0x0,0x0)
[2J[01;01H[01;01H[2J[01;01H[01;01Hfound heap area at 0xffff800000100000, size 7.0 MiB
inited bump alloc with 2.0 MiB
kernel start
EHCI capability registers length = 0x20
EHCI reports 6 ports
reg addr is: 0xffffa00000000000
EHCI reset completed
EHCI ownership flag set
EHCI status = 0x4
Port 1 before: PORTSC=0x00001003, connected=true, enabled=false
Port 1: resetting...
Port 1 enabled
Port 1 after: PORTSC=0x00001005, connected=true, enabled=true
Port 2 before: PORTSC=0x00001000, connected=false, enabled=false
Port 2 after: PORTSC=0x00001000, connected=false, enabled=false
Port 3 before: PORTSC=0x00001000, connected=false, enabled=false
Port 3 after: PORTSC=0x00001000, connected=false, enabled=false
Port 4 before: PORTSC=0x00001000, connected=false, enabled=false
Port 4 after: PORTSC=0x00001000, connected=false, enabled=false
Port 5 before: PORTSC=0x00001000, connected=false, enabled=false
Port 5 after: PORTSC=0x00001000, connected=false, enabled=false
Port 6 before: PORTSC=0x00001000, connected=false, enabled=false
Port 6 after: PORTSC=0x00001000, connected=false, enabled=false
